<?xml version="1.0" encoding="UTF-8" ?>
<testsuite tests="80" failures="0" name="org.apache.commons.lang3.math.NumberUtilsTest" time="0.003" errors="0" skipped="0">
  <properties>
    <property name="java.runtime.name" value="OpenJDK Runtime Environment"/>
    <property name="java.vm.version" value="11.0.20.1+1-LTS"/>
    <property name="sun.boot.library.path" value="/Users/shanv/.sdkman/candidates/java/11.0.20.1-zulu/zulu-11.jdk/Contents/Home/lib"/>
    <property name="gopherProxySet" value="false"/>
    <property name="jdk.vendor.version" value="Zulu11.66+19-CA"/>
    <property name="maven.multiModuleProjectDirectory" value="/Users/shanv/Desktop/Github Repos/SOEN-345-Project/Lang/Lang_3b_LLM"/>
    <property name="java.vm.vendor" value="Azul Systems, Inc."/>
    <property name="java.vendor.url" value="http://www.azul.com/"/>
    <property name="guice.disable.misplaced.annotation.check" value="true"/>
    <property name="path.separator" value=":"/>
    <property name="java.vm.name" value="OpenJDK 64-Bit Server VM"/>
    <property name="sun.os.patch.level" value="unknown"/>
    <property name="user.country" value="CA"/>
    <property name="sun.java.launcher" value="SUN_STANDARD"/>
    <property name="java.vm.specification.name" value="Java Virtual Machine Specification"/>
    <property name="user.dir" value="/Users/shanv/Desktop/Github Repos/SOEN-345-Project/Lang/Lang_3b_LLM"/>
    <property name="java.vm.compressedOopsMode" value="Zero based"/>
    <property name="java.runtime.version" value="11.0.20.1+1-LTS"/>
    <property name="java.awt.graphicsenv" value="sun.awt.CGraphicsEnvironment"/>
    <property name="os.arch" value="aarch64"/>
    <property name="java.io.tmpdir" value="/var/folders/98/1z4vmp_9007d_k7p53bjpsk40000gn/T/"/>
    <property name="line.separator" value="
"/>
    <property name="java.vm.specification.vendor" value="Oracle Corporation"/>
    <property name="os.name" value="Mac OS X"/>
    <property name="classworlds.conf" value="/opt/homebrew/Cellar/maven/3.9.9/libexec/bin/m2.conf"/>
    <property name="sun.jnu.encoding" value="UTF-8"/>
    <property name="java.library.path" value="/Users/shanv/Library/Java/Extensions:/Library/Java/Extensions:/Network/Library/Java/Extensions:/System/Library/Java/Extensions:/usr/lib/java:."/>
    <property name="maven.conf" value="/opt/homebrew/Cellar/maven/3.9.9/libexec/conf"/>
    <property name="jdk.debug" value="release"/>
    <property name="java.class.version" value="55.0"/>
    <property name="java.specification.name" value="Java Platform API Specification"/>
    <property name="sun.management.compiler" value="HotSpot 64-Bit Tiered Compilers"/>
    <property name="os.version" value="13.2.1"/>
    <property name="library.jansi.path" value="/opt/homebrew/Cellar/maven/3.9.9/libexec/lib/jansi-native"/>
    <property name="http.nonProxyHosts" value="local|*.local|169.254/16|*.169.254/16"/>
    <property name="user.home" value="/Users/shanv"/>
    <property name="user.timezone" value="America/Toronto"/>
    <property name="java.awt.printerjob" value="sun.lwawt.macosx.CPrinterJob"/>
    <property name="file.encoding" value="UTF-8"/>
    <property name="java.specification.version" value="11"/>
    <property name="user.name" value="shanv"/>
    <property name="java.class.path" value="/opt/homebrew/Cellar/maven/3.9.9/libexec/boot/plexus-classworlds-2.8.0.jar"/>
    <property name="java.vm.specification.version" value="11"/>
    <property name="sun.arch.data.model" value="64"/>
    <property name="sun.java.command" value="org.codehaus.plexus.classworlds.launcher.Launcher clean install"/>
    <property name="java.home" value="/Users/shanv/.sdkman/candidates/java/11.0.20.1-zulu/zulu-11.jdk/Contents/Home"/>
    <property name="user.language" value="en"/>
    <property name="java.specification.vendor" value="Oracle Corporation"/>
    <property name="awt.toolkit" value="sun.lwawt.macosx.LWCToolkit"/>
    <property name="java.vm.info" value="mixed mode"/>
    <property name="java.version" value="11.0.20.1"/>
    <property name="java.vendor" value="Azul Systems, Inc."/>
    <property name="java.specification.maintenance.version" value="2"/>
    <property name="maven.home" value="/opt/homebrew/Cellar/maven/3.9.9/libexec"/>
    <property name="file.separator" value="/"/>
    <property name="java.version.date" value="2023-08-24"/>
    <property name="java.vendor.url.bug" value="http://www.azul.com/support/"/>
    <property name="sun.io.unicode.encoding" value="UnicodeBig"/>
    <property name="sun.cpu.endian" value="little"/>
    <property name="java.vendor.version" value="Zulu11.66+19-CA"/>
    <property name="socksNonProxyHosts" value="local|*.local|169.254/16|*.169.254/16"/>
    <property name="ftp.nonProxyHosts" value="local|*.local|169.254/16|*.169.254/16"/>
    <property name="sun.cpu.isalist" value=""/>
  </properties>
  <testcase classname="org.apache.commons.lang3.math.NumberUtilsTest" name="testMaximumDouble" time="0"/>
  <testcase classname="org.apache.commons.lang3.math.NumberUtilsTest" name="testToFloatStringF" time="0"/>
  <testcase classname="org.apache.commons.lang3.math.NumberUtilsTest" name="testMinDouble_emptyArray" time="0"/>
  <testcase classname="org.apache.commons.lang3.math.NumberUtilsTest" name="testMinimumFloat" time="0"/>
  <testcase classname="org.apache.commons.lang3.math.NumberUtilsTest" name="testMinimumShort" time="0"/>
  <testcase classname="org.apache.commons.lang3.math.NumberUtilsTest" name="testMinLong_nullArray" time="0"/>
  <testcase classname="org.apache.commons.lang3.math.NumberUtilsTest" name="testCreateNumber" time="0"/>
  <testcase classname="org.apache.commons.lang3.math.NumberUtilsTest" name="testToLongString" time="0"/>
  <testcase classname="org.apache.commons.lang3.math.NumberUtilsTest" name="testMaxByte_emptyArray" time="0"/>
  <testcase classname="org.apache.commons.lang3.math.NumberUtilsTest" name="testToIntStringI" time="0"/>
  <testcase classname="org.apache.commons.lang3.math.NumberUtilsTest" name="testMaxShort_nullArray" time="0"/>
  <testcase classname="org.apache.commons.lang3.math.NumberUtilsTest" name="testToIntString" time="0"/>
  <testcase classname="org.apache.commons.lang3.math.NumberUtilsTest" name="testMinShort_emptyArray" time="0"/>
  <testcase classname="org.apache.commons.lang3.math.NumberUtilsTest" name="testCreateFloat" time="0"/>
  <testcase classname="org.apache.commons.lang3.math.NumberUtilsTest" name="testMaxShort_emptyArray" time="0"/>
  <testcase classname="org.apache.commons.lang3.math.NumberUtilsTest" name="testMinimumInt" time="0.001"/>
  <testcase classname="org.apache.commons.lang3.math.NumberUtilsTest" name="testMinDouble_nullArray" time="0"/>
  <testcase classname="org.apache.commons.lang3.math.NumberUtilsTest" name="testMaxDouble_nullArray" time="0"/>
  <testcase classname="org.apache.commons.lang3.math.NumberUtilsTest" name="testMaxDouble_emptyArray" time="0"/>
  <testcase classname="org.apache.commons.lang3.math.NumberUtilsTest" name="testMaxInt_emptyArray" time="0"/>
  <testcase classname="org.apache.commons.lang3.math.NumberUtilsTest" name="testMaxLong_emptyArray" time="0"/>
  <testcase classname="org.apache.commons.lang3.math.NumberUtilsTest" name="testToByteStringI" time="0"/>
  <testcase classname="org.apache.commons.lang3.math.NumberUtilsTest" name="testToFloatString" time="0"/>
  <testcase classname="org.apache.commons.lang3.math.NumberUtilsTest" name="testMinFloat_emptyArray" time="0"/>
  <testcase classname="org.apache.commons.lang3.math.NumberUtilsTest" name="testMinFloat" time="0"/>
  <testcase classname="org.apache.commons.lang3.math.NumberUtilsTest" name="testMaxFloat_emptyArray" time="0"/>
  <testcase classname="org.apache.commons.lang3.math.NumberUtilsTest" name="testMinShort" time="0"/>
  <testcase classname="org.apache.commons.lang3.math.NumberUtilsTest" name="testCreateNumberMagnitude" time="0"/>
  <testcase classname="org.apache.commons.lang3.math.NumberUtilsTest" name="testMinFloat_nullArray" time="0"/>
  <testcase classname="org.apache.commons.lang3.math.NumberUtilsTest" name="testToByteString" time="0"/>
  <testcase classname="org.apache.commons.lang3.math.NumberUtilsTest" name="testLang300" time="0"/>
  <testcase classname="org.apache.commons.lang3.math.NumberUtilsTest" name="testLang381" time="0"/>
  <testcase classname="org.apache.commons.lang3.math.NumberUtilsTest" name="testMaxDouble" time="0"/>
  <testcase classname="org.apache.commons.lang3.math.NumberUtilsTest" name="testMinimumDouble" time="0"/>
  <testcase classname="org.apache.commons.lang3.math.NumberUtilsTest" name="testMaxLong_nullArray" time="0"/>
  <testcase classname="org.apache.commons.lang3.math.NumberUtilsTest" name="testIsDigits" time="0"/>
  <testcase classname="org.apache.commons.lang3.math.NumberUtilsTest" name="testMinByte_nullArray" time="0"/>
  <testcase classname="org.apache.commons.lang3.math.NumberUtilsTest" name="testCreateBigDecimal" time="0"/>
  <testcase classname="org.apache.commons.lang3.math.NumberUtilsTest" name="testConstants" time="0"/>
  <testcase classname="org.apache.commons.lang3.math.NumberUtilsTest" name="testCompareDouble" time="0.001"/>
  <testcase classname="org.apache.commons.lang3.math.NumberUtilsTest" name="testMinimumByte" time="0"/>
  <testcase classname="org.apache.commons.lang3.math.NumberUtilsTest" name="testMinimumLong" time="0"/>
  <testcase classname="org.apache.commons.lang3.math.NumberUtilsTest" name="testIsNumber" time="0"/>
  <testcase classname="org.apache.commons.lang3.math.NumberUtilsTest" name="testMinDouble" time="0"/>
  <testcase classname="org.apache.commons.lang3.math.NumberUtilsTest" name="testMaxByte" time="0"/>
  <testcase classname="org.apache.commons.lang3.math.NumberUtilsTest" name="testMaxLong" time="0"/>
  <testcase classname="org.apache.commons.lang3.math.NumberUtilsTest" name="testMaxFloat_nullArray" time="0"/>
  <testcase classname="org.apache.commons.lang3.math.NumberUtilsTest" name="testCreateBigInteger" time="0"/>
  <testcase classname="org.apache.commons.lang3.math.NumberUtilsTest" name="testCreateLong" time="0"/>
  <testcase classname="org.apache.commons.lang3.math.NumberUtilsTest" name="testMinByte" time="0"/>
  <testcase classname="org.apache.commons.lang3.math.NumberUtilsTest" name="testMinLong" time="0"/>
  <testcase classname="org.apache.commons.lang3.math.NumberUtilsTest" name="testMaximumInt" time="0"/>
  <testcase classname="org.apache.commons.lang3.math.NumberUtilsTest" name="testCreateNumberFailure_1" time="0"/>
  <testcase classname="org.apache.commons.lang3.math.NumberUtilsTest" name="testCreateNumberFailure_2" time="0"/>
  <testcase classname="org.apache.commons.lang3.math.NumberUtilsTest" name="testCreateNumberFailure_3" time="0"/>
  <testcase classname="org.apache.commons.lang3.math.NumberUtilsTest" name="testCreateNumberFailure_4" time="0"/>
  <testcase classname="org.apache.commons.lang3.math.NumberUtilsTest" name="testMaximumByte" time="0"/>
  <testcase classname="org.apache.commons.lang3.math.NumberUtilsTest" name="testMaximumLong" time="0"/>
  <testcase classname="org.apache.commons.lang3.math.NumberUtilsTest" name="testMaxFloat" time="0"/>
  <testcase classname="org.apache.commons.lang3.math.NumberUtilsTest" name="testMaxShort" time="0"/>
  <testcase classname="org.apache.commons.lang3.math.NumberUtilsTest" name="testCompareFloat" time="0"/>
  <testcase classname="org.apache.commons.lang3.math.NumberUtilsTest" name="testMinInt_emptyArray" time="0"/>
  <testcase classname="org.apache.commons.lang3.math.NumberUtilsTest" name="testMinByte_emptyArray" time="0"/>
  <testcase classname="org.apache.commons.lang3.math.NumberUtilsTest" name="testMaxInt" time="0"/>
  <testcase classname="org.apache.commons.lang3.math.NumberUtilsTest" name="testMinInt" time="0"/>
  <testcase classname="org.apache.commons.lang3.math.NumberUtilsTest" name="testMinInt_nullArray" time="0"/>
  <testcase classname="org.apache.commons.lang3.math.NumberUtilsTest" name="testMinShort_nullArray" time="0"/>
  <testcase classname="org.apache.commons.lang3.math.NumberUtilsTest" name="testMaxInt_nullArray" time="0"/>
  <testcase classname="org.apache.commons.lang3.math.NumberUtilsTest" name="testStringToDoubleString" time="0.001"/>
  <testcase classname="org.apache.commons.lang3.math.NumberUtilsTest" name="testMaximumFloat" time="0"/>
  <testcase classname="org.apache.commons.lang3.math.NumberUtilsTest" name="testMaximumShort" time="0"/>
  <testcase classname="org.apache.commons.lang3.math.NumberUtilsTest" name="testToShortStringI" time="0"/>
  <testcase classname="org.apache.commons.lang3.math.NumberUtilsTest" name="testCreateInteger" time="0"/>
  <testcase classname="org.apache.commons.lang3.math.NumberUtilsTest" name="testToLongStringL" time="0"/>
  <testcase classname="org.apache.commons.lang3.math.NumberUtilsTest" name="testStringToDoubleStringD" time="0"/>
  <testcase classname="org.apache.commons.lang3.math.NumberUtilsTest" name="testToShortString" time="0"/>
  <testcase classname="org.apache.commons.lang3.math.NumberUtilsTest" name="testConstructor" time="0"/>
  <testcase classname="org.apache.commons.lang3.math.NumberUtilsTest" name="testMaxByte_nullArray" time="0"/>
  <testcase classname="org.apache.commons.lang3.math.NumberUtilsTest" name="testCreateDouble" time="0"/>
  <testcase classname="org.apache.commons.lang3.math.NumberUtilsTest" name="testMinLong_emptyArray" time="0"/>
</testsuite>