<?xml version="1.0" encoding="UTF-8" ?>
<testsuite tests="79" failures="0" name="org.apache.commons.lang3.text.StrBuilderTest" time="0.002" errors="0" skipped="0">
  <properties>
    <property name="java.runtime.name" value="OpenJDK Runtime Environment"/>
    <property name="java.vm.version" value="11.0.20.1+1-LTS"/>
    <property name="sun.boot.library.path" value="/Users/shanv/.sdkman/candidates/java/11.0.20.1-zulu/zulu-11.jdk/Contents/Home/lib"/>
    <property name="gopherProxySet" value="false"/>
    <property name="jdk.vendor.version" value="Zulu11.66+19-CA"/>
    <property name="maven.multiModuleProjectDirectory" value="/Users/shanv/Desktop/Github Repos/SOEN-345-Project/Lang/Lang_3b_LLM"/>
    <property name="java.vm.vendor" value="Azul Systems, Inc."/>
    <property name="java.vendor.url" value="http://www.azul.com/"/>
    <property name="guice.disable.misplaced.annotation.check" value="true"/>
    <property name="path.separator" value=":"/>
    <property name="java.vm.name" value="OpenJDK 64-Bit Server VM"/>
    <property name="sun.os.patch.level" value="unknown"/>
    <property name="user.country" value="CA"/>
    <property name="sun.java.launcher" value="SUN_STANDARD"/>
    <property name="java.vm.specification.name" value="Java Virtual Machine Specification"/>
    <property name="user.dir" value="/Users/shanv/Desktop/Github Repos/SOEN-345-Project/Lang/Lang_3b_LLM"/>
    <property name="java.vm.compressedOopsMode" value="Zero based"/>
    <property name="java.runtime.version" value="11.0.20.1+1-LTS"/>
    <property name="java.awt.graphicsenv" value="sun.awt.CGraphicsEnvironment"/>
    <property name="os.arch" value="aarch64"/>
    <property name="java.io.tmpdir" value="/var/folders/98/1z4vmp_9007d_k7p53bjpsk40000gn/T/"/>
    <property name="line.separator" value="
"/>
    <property name="java.vm.specification.vendor" value="Oracle Corporation"/>
    <property name="os.name" value="Mac OS X"/>
    <property name="classworlds.conf" value="/opt/homebrew/Cellar/maven/3.9.9/libexec/bin/m2.conf"/>
    <property name="sun.jnu.encoding" value="UTF-8"/>
    <property name="java.library.path" value="/Users/shanv/Library/Java/Extensions:/Library/Java/Extensions:/Network/Library/Java/Extensions:/System/Library/Java/Extensions:/usr/lib/java:."/>
    <property name="maven.conf" value="/opt/homebrew/Cellar/maven/3.9.9/libexec/conf"/>
    <property name="jdk.debug" value="release"/>
    <property name="java.class.version" value="55.0"/>
    <property name="java.specification.name" value="Java Platform API Specification"/>
    <property name="sun.management.compiler" value="HotSpot 64-Bit Tiered Compilers"/>
    <property name="os.version" value="13.2.1"/>
    <property name="library.jansi.path" value="/opt/homebrew/Cellar/maven/3.9.9/libexec/lib/jansi-native"/>
    <property name="http.nonProxyHosts" value="local|*.local|169.254/16|*.169.254/16"/>
    <property name="user.home" value="/Users/shanv"/>
    <property name="user.timezone" value="America/Toronto"/>
    <property name="java.awt.printerjob" value="sun.lwawt.macosx.CPrinterJob"/>
    <property name="file.encoding" value="UTF-8"/>
    <property name="java.specification.version" value="11"/>
    <property name="user.name" value="shanv"/>
    <property name="java.class.path" value="/opt/homebrew/Cellar/maven/3.9.9/libexec/boot/plexus-classworlds-2.8.0.jar"/>
    <property name="java.vm.specification.version" value="11"/>
    <property name="sun.arch.data.model" value="64"/>
    <property name="sun.java.command" value="org.codehaus.plexus.classworlds.launcher.Launcher clean install"/>
    <property name="java.home" value="/Users/shanv/.sdkman/candidates/java/11.0.20.1-zulu/zulu-11.jdk/Contents/Home"/>
    <property name="user.language" value="en"/>
    <property name="java.specification.vendor" value="Oracle Corporation"/>
    <property name="awt.toolkit" value="sun.lwawt.macosx.LWCToolkit"/>
    <property name="java.vm.info" value="mixed mode"/>
    <property name="java.version" value="11.0.20.1"/>
    <property name="java.vendor" value="Azul Systems, Inc."/>
    <property name="java.specification.maintenance.version" value="2"/>
    <property name="maven.home" value="/opt/homebrew/Cellar/maven/3.9.9/libexec"/>
    <property name="file.separator" value="/"/>
    <property name="java.version.date" value="2023-08-24"/>
    <property name="java.vendor.url.bug" value="http://www.azul.com/support/"/>
    <property name="sun.io.unicode.encoding" value="UnicodeBig"/>
    <property name="sun.cpu.endian" value="little"/>
    <property name="java.vendor.version" value="Zulu11.66+19-CA"/>
    <property name="socksNonProxyHosts" value="local|*.local|169.254/16|*.169.254/16"/>
    <property name="ftp.nonProxyHosts" value="local|*.local|169.254/16|*.169.254/16"/>
    <property name="sun.cpu.isalist" value=""/>
  </properties>
  <testcase classname="org.apache.commons.lang3.text.StrBuilderTest" name="testAsTokenizer" time="0.001"/>
  <testcase classname="org.apache.commons.lang3.text.StrBuilderTest" name="testDeleteFirst_StrMatcher" time="0"/>
  <testcase classname="org.apache.commons.lang3.text.StrBuilderTest" name="testReplaceFirst_StrMatcher_String" time="0"/>
  <testcase classname="org.apache.commons.lang3.text.StrBuilderTest" name="testDeleteAll_String" time="0"/>
  <testcase classname="org.apache.commons.lang3.text.StrBuilderTest" name="testEndsWith" time="0"/>
  <testcase classname="org.apache.commons.lang3.text.StrBuilderTest" name="testGetSetNullText" time="0"/>
  <testcase classname="org.apache.commons.lang3.text.StrBuilderTest" name="testIndexOfLang294" time="0"/>
  <testcase classname="org.apache.commons.lang3.text.StrBuilderTest" name="testSubSequenceIntInt" time="0"/>
  <testcase classname="org.apache.commons.lang3.text.StrBuilderTest" name="testGetChars" time="0"/>
  <testcase classname="org.apache.commons.lang3.text.StrBuilderTest" name="testLastIndexOf_String" time="0"/>
  <testcase classname="org.apache.commons.lang3.text.StrBuilderTest" name="testDeleteAll_char" time="0"/>
  <testcase classname="org.apache.commons.lang3.text.StrBuilderTest" name="testReplace_StrMatcher_String_int_int_int_VaryEndIndex" time="0"/>
  <testcase classname="org.apache.commons.lang3.text.StrBuilderTest" name="testLastIndexOf_char_int" time="0"/>
  <testcase classname="org.apache.commons.lang3.text.StrBuilderTest" name="testClear" time="0"/>
  <testcase classname="org.apache.commons.lang3.text.StrBuilderTest" name="testSize" time="0"/>
  <testcase classname="org.apache.commons.lang3.text.StrBuilderTest" name="testTrim" time="0"/>
  <testcase classname="org.apache.commons.lang3.text.StrBuilderTest" name="testRightString" time="0"/>
  <testcase classname="org.apache.commons.lang3.text.StrBuilderTest" name="testToString" time="0"/>
  <testcase classname="org.apache.commons.lang3.text.StrBuilderTest" name="testConstructors" time="0"/>
  <testcase classname="org.apache.commons.lang3.text.StrBuilderTest" name="testMinimizeCapacity" time="0"/>
  <testcase classname="org.apache.commons.lang3.text.StrBuilderTest" name="testSubstringIntInt" time="0"/>
  <testcase classname="org.apache.commons.lang3.text.StrBuilderTest" name="testLang412Left" time="0"/>
  <testcase classname="org.apache.commons.lang3.text.StrBuilderTest" name="testContains_String" time="0"/>
  <testcase classname="org.apache.commons.lang3.text.StrBuilderTest" name="testEqualsIgnoreCase" time="0"/>
  <testcase classname="org.apache.commons.lang3.text.StrBuilderTest" name="testCapacityAndLength" time="0"/>
  <testcase classname="org.apache.commons.lang3.text.StrBuilderTest" name="testAsReader" time="0"/>
  <testcase classname="org.apache.commons.lang3.text.StrBuilderTest" name="testToStringBuilder" time="0"/>
  <testcase classname="org.apache.commons.lang3.text.StrBuilderTest" name="testReplaceAll_String_String" time="0"/>
  <testcase classname="org.apache.commons.lang3.text.StrBuilderTest" name="testAsWriter" time="0"/>
  <testcase classname="org.apache.commons.lang3.text.StrBuilderTest" name="testLang294" time="0"/>
  <testcase classname="org.apache.commons.lang3.text.StrBuilderTest" name="testLang295" time="0"/>
  <testcase classname="org.apache.commons.lang3.text.StrBuilderTest" name="testReplaceAll_char_char" time="0"/>
  <testcase classname="org.apache.commons.lang3.text.StrBuilderTest" name="testLastIndexOf_String_int" time="0"/>
  <testcase classname="org.apache.commons.lang3.text.StrBuilderTest" name="testDeleteCharAt" time="0"/>
  <testcase classname="org.apache.commons.lang3.text.StrBuilderTest" name="testReplaceFirst_String_String" time="0"/>
  <testcase classname="org.apache.commons.lang3.text.StrBuilderTest" name="testContains_char" time="0"/>
  <testcase classname="org.apache.commons.lang3.text.StrBuilderTest" name="testDeleteIntInt" time="0"/>
  <testcase classname="org.apache.commons.lang3.text.StrBuilderTest" name="testReplace_StrMatcher_String_int_int_int_VaryCount" time="0"/>
  <testcase classname="org.apache.commons.lang3.text.StrBuilderTest" name="testReplaceFirst_char_char" time="0"/>
  <testcase classname="org.apache.commons.lang3.text.StrBuilderTest" name="testIndexOf_char" time="0"/>
  <testcase classname="org.apache.commons.lang3.text.StrBuilderTest" name="testReplace_int_int_String" time="0"/>
  <testcase classname="org.apache.commons.lang3.text.StrBuilderTest" name="testToCharArray" time="0"/>
  <testcase classname="org.apache.commons.lang3.text.StrBuilderTest" name="testLastIndexOf_StrMatcher" time="0"/>
  <testcase classname="org.apache.commons.lang3.text.StrBuilderTest" name="testIndexOf_StrMatcher_int" time="0.001"/>
  <testcase classname="org.apache.commons.lang3.text.StrBuilderTest" name="testEnsureCapacity" time="0"/>
  <testcase classname="org.apache.commons.lang3.text.StrBuilderTest" name="testLang412Right" time="0"/>
  <testcase classname="org.apache.commons.lang3.text.StrBuilderTest" name="testDeleteFirst_String" time="0"/>
  <testcase classname="org.apache.commons.lang3.text.StrBuilderTest" name="testMidString" time="0"/>
  <testcase classname="org.apache.commons.lang3.text.StrBuilderTest" name="testReplaceAll_StrMatcher_String" time="0"/>
  <testcase classname="org.apache.commons.lang3.text.StrBuilderTest" name="testCapacity" time="0"/>
  <testcase classname="org.apache.commons.lang3.text.StrBuilderTest" name="testReverse" time="0"/>
  <testcase classname="org.apache.commons.lang3.text.StrBuilderTest" name="testSetCharAt" time="0"/>
  <testcase classname="org.apache.commons.lang3.text.StrBuilderTest" name="testReplace_StrMatcher_String_int_int_int_VaryStartIndex" time="0"/>
  <testcase classname="org.apache.commons.lang3.text.StrBuilderTest" name="testHashCode" time="0"/>
  <testcase classname="org.apache.commons.lang3.text.StrBuilderTest" name="testSubstringInt" time="0"/>
  <testcase classname="org.apache.commons.lang3.text.StrBuilderTest" name="testSetLength" time="0"/>
  <testcase classname="org.apache.commons.lang3.text.StrBuilderTest" name="testCharAt" time="0"/>
  <testcase classname="org.apache.commons.lang3.text.StrBuilderTest" name="testReplace_StrMatcher_String_int_int_int_VaryMatcher" time="0"/>
  <testcase classname="org.apache.commons.lang3.text.StrBuilderTest" name="testEquals" time="0"/>
  <testcase classname="org.apache.commons.lang3.text.StrBuilderTest" name="testLastIndexOf_char" time="0"/>
  <testcase classname="org.apache.commons.lang3.text.StrBuilderTest" name="testLeftString" time="0"/>
  <testcase classname="org.apache.commons.lang3.text.StrBuilderTest" name="testIndexOf_String_int" time="0"/>
  <testcase classname="org.apache.commons.lang3.text.StrBuilderTest" name="testContains_StrMatcher" time="0"/>
  <testcase classname="org.apache.commons.lang3.text.StrBuilderTest" name="testLength" time="0"/>
  <testcase classname="org.apache.commons.lang3.text.StrBuilderTest" name="testReplace_StrMatcher_String_int_int_int_VaryReplace" time="0"/>
  <testcase classname="org.apache.commons.lang3.text.StrBuilderTest" name="testDeleteFirst_char" time="0"/>
  <testcase classname="org.apache.commons.lang3.text.StrBuilderTest" name="testDeleteAll_StrMatcher" time="0"/>
  <testcase classname="org.apache.commons.lang3.text.StrBuilderTest" name="testIsEmpty" time="0"/>
  <testcase classname="org.apache.commons.lang3.text.StrBuilderTest" name="testToCharArrayIntInt" time="0"/>
  <testcase classname="org.apache.commons.lang3.text.StrBuilderTest" name="testGetSetNewLineText" time="0"/>
  <testcase classname="org.apache.commons.lang3.text.StrBuilderTest" name="testToStringBuffer" time="0"/>
  <testcase classname="org.apache.commons.lang3.text.StrBuilderTest" name="testAsBuilder" time="0"/>
  <testcase classname="org.apache.commons.lang3.text.StrBuilderTest" name="testIndexOf_String" time="0"/>
  <testcase classname="org.apache.commons.lang3.text.StrBuilderTest" name="testIndexOf_char_int" time="0"/>
  <testcase classname="org.apache.commons.lang3.text.StrBuilderTest" name="testGetCharsIntIntCharArrayInt" time="0"/>
  <testcase classname="org.apache.commons.lang3.text.StrBuilderTest" name="testStartsWith" time="0"/>
  <testcase classname="org.apache.commons.lang3.text.StrBuilderTest" name="testIndexOf_StrMatcher" time="0"/>
  <testcase classname="org.apache.commons.lang3.text.StrBuilderTest" name="testLastIndexOf_StrMatcher_int" time="0"/>
  <testcase classname="org.apache.commons.lang3.text.StrBuilderTest" name="testChaining" time="0"/>
</testsuite>