<?xml version="1.0" encoding="UTF-8" ?>
<testsuite tests="55" failures="0" name="org.apache.commons.lang3.text.StrTokenizerTest" time="0.002" errors="0" skipped="0">
  <properties>
    <property name="java.runtime.name" value="OpenJDK Runtime Environment"/>
    <property name="java.vm.version" value="11.0.20.1+1-LTS"/>
    <property name="sun.boot.library.path" value="/Users/shanv/.sdkman/candidates/java/11.0.20.1-zulu/zulu-11.jdk/Contents/Home/lib"/>
    <property name="gopherProxySet" value="false"/>
    <property name="jdk.vendor.version" value="Zulu11.66+19-CA"/>
    <property name="maven.multiModuleProjectDirectory" value="/Users/shanv/Desktop/Github Repos/SOEN-345-Project/Lang/Lang_3b_LLM"/>
    <property name="java.vm.vendor" value="Azul Systems, Inc."/>
    <property name="java.vendor.url" value="http://www.azul.com/"/>
    <property name="guice.disable.misplaced.annotation.check" value="true"/>
    <property name="path.separator" value=":"/>
    <property name="java.vm.name" value="OpenJDK 64-Bit Server VM"/>
    <property name="sun.os.patch.level" value="unknown"/>
    <property name="user.country" value="CA"/>
    <property name="sun.java.launcher" value="SUN_STANDARD"/>
    <property name="java.vm.specification.name" value="Java Virtual Machine Specification"/>
    <property name="user.dir" value="/Users/shanv/Desktop/Github Repos/SOEN-345-Project/Lang/Lang_3b_LLM"/>
    <property name="java.vm.compressedOopsMode" value="Zero based"/>
    <property name="java.runtime.version" value="11.0.20.1+1-LTS"/>
    <property name="java.awt.graphicsenv" value="sun.awt.CGraphicsEnvironment"/>
    <property name="os.arch" value="aarch64"/>
    <property name="java.io.tmpdir" value="/var/folders/98/1z4vmp_9007d_k7p53bjpsk40000gn/T/"/>
    <property name="line.separator" value="
"/>
    <property name="java.vm.specification.vendor" value="Oracle Corporation"/>
    <property name="os.name" value="Mac OS X"/>
    <property name="classworlds.conf" value="/opt/homebrew/Cellar/maven/3.9.9/libexec/bin/m2.conf"/>
    <property name="sun.jnu.encoding" value="UTF-8"/>
    <property name="java.library.path" value="/Users/shanv/Library/Java/Extensions:/Library/Java/Extensions:/Network/Library/Java/Extensions:/System/Library/Java/Extensions:/usr/lib/java:."/>
    <property name="maven.conf" value="/opt/homebrew/Cellar/maven/3.9.9/libexec/conf"/>
    <property name="jdk.debug" value="release"/>
    <property name="java.class.version" value="55.0"/>
    <property name="java.specification.name" value="Java Platform API Specification"/>
    <property name="sun.management.compiler" value="HotSpot 64-Bit Tiered Compilers"/>
    <property name="os.version" value="13.2.1"/>
    <property name="library.jansi.path" value="/opt/homebrew/Cellar/maven/3.9.9/libexec/lib/jansi-native"/>
    <property name="http.nonProxyHosts" value="local|*.local|169.254/16|*.169.254/16"/>
    <property name="user.home" value="/Users/shanv"/>
    <property name="user.timezone" value="America/Toronto"/>
    <property name="java.awt.printerjob" value="sun.lwawt.macosx.CPrinterJob"/>
    <property name="file.encoding" value="UTF-8"/>
    <property name="java.specification.version" value="11"/>
    <property name="user.name" value="shanv"/>
    <property name="java.class.path" value="/opt/homebrew/Cellar/maven/3.9.9/libexec/boot/plexus-classworlds-2.8.0.jar"/>
    <property name="java.vm.specification.version" value="11"/>
    <property name="sun.arch.data.model" value="64"/>
    <property name="sun.java.command" value="org.codehaus.plexus.classworlds.launcher.Launcher clean install"/>
    <property name="java.home" value="/Users/shanv/.sdkman/candidates/java/11.0.20.1-zulu/zulu-11.jdk/Contents/Home"/>
    <property name="user.language" value="en"/>
    <property name="java.specification.vendor" value="Oracle Corporation"/>
    <property name="awt.toolkit" value="sun.lwawt.macosx.LWCToolkit"/>
    <property name="java.vm.info" value="mixed mode"/>
    <property name="java.version" value="11.0.20.1"/>
    <property name="java.vendor" value="Azul Systems, Inc."/>
    <property name="java.specification.maintenance.version" value="2"/>
    <property name="maven.home" value="/opt/homebrew/Cellar/maven/3.9.9/libexec"/>
    <property name="file.separator" value="/"/>
    <property name="java.version.date" value="2023-08-24"/>
    <property name="java.vendor.url.bug" value="http://www.azul.com/support/"/>
    <property name="sun.io.unicode.encoding" value="UnicodeBig"/>
    <property name="sun.cpu.endian" value="little"/>
    <property name="java.vendor.version" value="Zulu11.66+19-CA"/>
    <property name="socksNonProxyHosts" value="local|*.local|169.254/16|*.169.254/16"/>
    <property name="ftp.nonProxyHosts" value="local|*.local|169.254/16|*.169.254/16"/>
    <property name="sun.cpu.isalist" value=""/>
  </properties>
  <testcase classname="org.apache.commons.lang3.text.StrTokenizerTest" name="testCSVSimple" time="0"/>
  <testcase classname="org.apache.commons.lang3.text.StrTokenizerTest" name="testBasicDelim1" time="0"/>
  <testcase classname="org.apache.commons.lang3.text.StrTokenizerTest" name="testBasicDelim2" time="0"/>
  <testcase classname="org.apache.commons.lang3.text.StrTokenizerTest" name="testBasicEmpty1" time="0"/>
  <testcase classname="org.apache.commons.lang3.text.StrTokenizerTest" name="testBasicEmpty2" time="0"/>
  <testcase classname="org.apache.commons.lang3.text.StrTokenizerTest" name="testConstructor_charArray_char" time="0"/>
  <testcase classname="org.apache.commons.lang3.text.StrTokenizerTest" name="testTSV" time="0"/>
  <testcase classname="org.apache.commons.lang3.text.StrTokenizerTest" name="testIteration" time="0"/>
  <testcase classname="org.apache.commons.lang3.text.StrTokenizerTest" name="testConstructor_String_char_char" time="0"/>
  <testcase classname="org.apache.commons.lang3.text.StrTokenizerTest" name="testReset" time="0"/>
  <testcase classname="org.apache.commons.lang3.text.StrTokenizerTest" name="testReset_charArray" time="0"/>
  <testcase classname="org.apache.commons.lang3.text.StrTokenizerTest" name="testToString" time="0"/>
  <testcase classname="org.apache.commons.lang3.text.StrTokenizerTest" name="testTokenizeSubclassOutputChange" time="0"/>
  <testcase classname="org.apache.commons.lang3.text.StrTokenizerTest" name="testListArray" time="0"/>
  <testcase classname="org.apache.commons.lang3.text.StrTokenizerTest" name="testBasicQuoted1" time="0"/>
  <testcase classname="org.apache.commons.lang3.text.StrTokenizerTest" name="testBasicQuoted2" time="0"/>
  <testcase classname="org.apache.commons.lang3.text.StrTokenizerTest" name="testBasicQuoted3" time="0"/>
  <testcase classname="org.apache.commons.lang3.text.StrTokenizerTest" name="testBasicQuoted4" time="0"/>
  <testcase classname="org.apache.commons.lang3.text.StrTokenizerTest" name="testBasicQuoted5" time="0"/>
  <testcase classname="org.apache.commons.lang3.text.StrTokenizerTest" name="testBasicQuoted6" time="0"/>
  <testcase classname="org.apache.commons.lang3.text.StrTokenizerTest" name="testBasicQuoted7" time="0"/>
  <testcase classname="org.apache.commons.lang3.text.StrTokenizerTest" name="testCloneNotSupportedException" time="0.002"/>
  <testcase classname="org.apache.commons.lang3.text.StrTokenizerTest" name="testReset_String" time="0"/>
  <testcase classname="org.apache.commons.lang3.text.StrTokenizerTest" name="testTSVEmpty" time="0"/>
  <testcase classname="org.apache.commons.lang3.text.StrTokenizerTest" name="testConstructor_String" time="0"/>
  <testcase classname="org.apache.commons.lang3.text.StrTokenizerTest" name="testCloneNull" time="0"/>
  <testcase classname="org.apache.commons.lang3.text.StrTokenizerTest" name="test1" time="0"/>
  <testcase classname="org.apache.commons.lang3.text.StrTokenizerTest" name="test2" time="0"/>
  <testcase classname="org.apache.commons.lang3.text.StrTokenizerTest" name="test3" time="0"/>
  <testcase classname="org.apache.commons.lang3.text.StrTokenizerTest" name="test4" time="0"/>
  <testcase classname="org.apache.commons.lang3.text.StrTokenizerTest" name="test5" time="0"/>
  <testcase classname="org.apache.commons.lang3.text.StrTokenizerTest" name="test6" time="0"/>
  <testcase classname="org.apache.commons.lang3.text.StrTokenizerTest" name="test7" time="0"/>
  <testcase classname="org.apache.commons.lang3.text.StrTokenizerTest" name="test8" time="0"/>
  <testcase classname="org.apache.commons.lang3.text.StrTokenizerTest" name="testConstructor_String_char" time="0"/>
  <testcase classname="org.apache.commons.lang3.text.StrTokenizerTest" name="testTokenizeSubclassInputChange" time="0"/>
  <testcase classname="org.apache.commons.lang3.text.StrTokenizerTest" name="testCSVEmpty" time="0"/>
  <testcase classname="org.apache.commons.lang3.text.StrTokenizerTest" name="testConstructor_charArray" time="0"/>
  <testcase classname="org.apache.commons.lang3.text.StrTokenizerTest" name="testConstructor_charArray_char_char" time="0"/>
  <testcase classname="org.apache.commons.lang3.text.StrTokenizerTest" name="testCSVSimpleNeedsTrim" time="0"/>
  <testcase classname="org.apache.commons.lang3.text.StrTokenizerTest" name="testBasicIgnoreTrimmed1" time="0"/>
  <testcase classname="org.apache.commons.lang3.text.StrTokenizerTest" name="testBasicIgnoreTrimmed2" time="0"/>
  <testcase classname="org.apache.commons.lang3.text.StrTokenizerTest" name="testBasicIgnoreTrimmed3" time="0"/>
  <testcase classname="org.apache.commons.lang3.text.StrTokenizerTest" name="testBasicIgnoreTrimmed4" time="0"/>
  <testcase classname="org.apache.commons.lang3.text.StrTokenizerTest" name="testBasicQuotedTrimmed1" time="0"/>
  <testcase classname="org.apache.commons.lang3.text.StrTokenizerTest" name="testBasic1" time="0"/>
  <testcase classname="org.apache.commons.lang3.text.StrTokenizerTest" name="testBasic2" time="0"/>
  <testcase classname="org.apache.commons.lang3.text.StrTokenizerTest" name="testBasic3" time="0"/>
  <testcase classname="org.apache.commons.lang3.text.StrTokenizerTest" name="testBasic4" time="0"/>
  <testcase classname="org.apache.commons.lang3.text.StrTokenizerTest" name="testBasic5" time="0"/>
  <testcase classname="org.apache.commons.lang3.text.StrTokenizerTest" name="testGetContent" time="0"/>
  <testcase classname="org.apache.commons.lang3.text.StrTokenizerTest" name="testCloneReset" time="0"/>
  <testcase classname="org.apache.commons.lang3.text.StrTokenizerTest" name="testBasicTrimmed1" time="0"/>
  <testcase classname="org.apache.commons.lang3.text.StrTokenizerTest" name="testBasicTrimmed2" time="0"/>
  <testcase classname="org.apache.commons.lang3.text.StrTokenizerTest" name="testChaining" time="0"/>
</testsuite>