<?xml version="1.0" encoding="UTF-8" ?>
<testsuite tests="44" failures="2" name="org.apache.commons.lang3.reflect.FieldUtilsTest" time="0.01" errors="0" skipped="0">
  <properties>
    <property name="java.runtime.name" value="OpenJDK Runtime Environment"/>
    <property name="java.vm.version" value="11.0.20.1+1-LTS"/>
    <property name="sun.boot.library.path" value="/Users/shanv/.sdkman/candidates/java/11.0.20.1-zulu/zulu-11.jdk/Contents/Home/lib"/>
    <property name="gopherProxySet" value="false"/>
    <property name="jdk.vendor.version" value="Zulu11.66+19-CA"/>
    <property name="maven.multiModuleProjectDirectory" value="/Users/shanv/Desktop/Github Repos/SOEN-345-Project/Lang/Lang_3b_LLM"/>
    <property name="java.vm.vendor" value="Azul Systems, Inc."/>
    <property name="java.vendor.url" value="http://www.azul.com/"/>
    <property name="guice.disable.misplaced.annotation.check" value="true"/>
    <property name="path.separator" value=":"/>
    <property name="java.vm.name" value="OpenJDK 64-Bit Server VM"/>
    <property name="sun.os.patch.level" value="unknown"/>
    <property name="user.country" value="CA"/>
    <property name="sun.java.launcher" value="SUN_STANDARD"/>
    <property name="java.vm.specification.name" value="Java Virtual Machine Specification"/>
    <property name="user.dir" value="/Users/shanv/Desktop/Github Repos/SOEN-345-Project/Lang/Lang_3b_LLM"/>
    <property name="java.vm.compressedOopsMode" value="Zero based"/>
    <property name="java.runtime.version" value="11.0.20.1+1-LTS"/>
    <property name="java.awt.graphicsenv" value="sun.awt.CGraphicsEnvironment"/>
    <property name="os.arch" value="aarch64"/>
    <property name="java.io.tmpdir" value="/var/folders/98/1z4vmp_9007d_k7p53bjpsk40000gn/T/"/>
    <property name="line.separator" value="
"/>
    <property name="java.vm.specification.vendor" value="Oracle Corporation"/>
    <property name="os.name" value="Mac OS X"/>
    <property name="classworlds.conf" value="/opt/homebrew/Cellar/maven/3.9.9/libexec/bin/m2.conf"/>
    <property name="sun.jnu.encoding" value="UTF-8"/>
    <property name="java.library.path" value="/Users/shanv/Library/Java/Extensions:/Library/Java/Extensions:/Network/Library/Java/Extensions:/System/Library/Java/Extensions:/usr/lib/java:."/>
    <property name="maven.conf" value="/opt/homebrew/Cellar/maven/3.9.9/libexec/conf"/>
    <property name="jdk.debug" value="release"/>
    <property name="java.class.version" value="55.0"/>
    <property name="java.specification.name" value="Java Platform API Specification"/>
    <property name="sun.management.compiler" value="HotSpot 64-Bit Tiered Compilers"/>
    <property name="os.version" value="13.2.1"/>
    <property name="library.jansi.path" value="/opt/homebrew/Cellar/maven/3.9.9/libexec/lib/jansi-native"/>
    <property name="http.nonProxyHosts" value="local|*.local|169.254/16|*.169.254/16"/>
    <property name="user.home" value="/Users/shanv"/>
    <property name="user.timezone" value="America/Toronto"/>
    <property name="java.awt.printerjob" value="sun.lwawt.macosx.CPrinterJob"/>
    <property name="file.encoding" value="UTF-8"/>
    <property name="java.specification.version" value="11"/>
    <property name="user.name" value="shanv"/>
    <property name="java.class.path" value="/opt/homebrew/Cellar/maven/3.9.9/libexec/boot/plexus-classworlds-2.8.0.jar"/>
    <property name="java.vm.specification.version" value="11"/>
    <property name="sun.arch.data.model" value="64"/>
    <property name="sun.java.command" value="org.codehaus.plexus.classworlds.launcher.Launcher clean install"/>
    <property name="java.home" value="/Users/shanv/.sdkman/candidates/java/11.0.20.1-zulu/zulu-11.jdk/Contents/Home"/>
    <property name="user.language" value="en"/>
    <property name="java.specification.vendor" value="Oracle Corporation"/>
    <property name="awt.toolkit" value="sun.lwawt.macosx.LWCToolkit"/>
    <property name="java.vm.info" value="mixed mode"/>
    <property name="java.version" value="11.0.20.1"/>
    <property name="java.vendor" value="Azul Systems, Inc."/>
    <property name="java.specification.maintenance.version" value="2"/>
    <property name="maven.home" value="/opt/homebrew/Cellar/maven/3.9.9/libexec"/>
    <property name="file.separator" value="/"/>
    <property name="java.version.date" value="2023-08-24"/>
    <property name="java.vendor.url.bug" value="http://www.azul.com/support/"/>
    <property name="sun.io.unicode.encoding" value="UnicodeBig"/>
    <property name="sun.cpu.endian" value="little"/>
    <property name="java.vendor.version" value="Zulu11.66+19-CA"/>
    <property name="socksNonProxyHosts" value="local|*.local|169.254/16|*.169.254/16"/>
    <property name="ftp.nonProxyHosts" value="local|*.local|169.254/16|*.169.254/16"/>
    <property name="sun.cpu.isalist" value=""/>
  </properties>
  <testcase classname="org.apache.commons.lang3.reflect.FieldUtilsTest" name="testReadStaticFieldForceAccess" time="0.001"/>
  <testcase classname="org.apache.commons.lang3.reflect.FieldUtilsTest" name="testGetAllFieldsList" time="0.003">
    <failure message="expected:&lt;5&gt; but was:&lt;7&gt;" type="java.lang.AssertionError">java.lang.AssertionError: expected:&lt;5&gt; but was:&lt;7&gt;
	at org.junit.Assert.fail(Assert.java:88)
	at org.junit.Assert.failNotEquals(Assert.java:743)
	at org.junit.Assert.assertEquals(Assert.java:118)
	at org.junit.Assert.assertEquals(Assert.java:555)
	at org.junit.Assert.assertEquals(Assert.java:542)
	at org.apache.commons.lang3.reflect.FieldUtilsTest.testGetAllFieldsList(FieldUtilsTest.java:167)
</failure>
  </testcase>
  <testcase classname="org.apache.commons.lang3.reflect.FieldUtilsTest" name="testReadDeclaredNamedField" time="0"/>
  <testcase classname="org.apache.commons.lang3.reflect.FieldUtilsTest" name="testReadNamedStaticField" time="0"/>
  <testcase classname="org.apache.commons.lang3.reflect.FieldUtilsTest" name="testReadDeclaredNamedStaticFieldForceAccess" time="0"/>
  <testcase classname="org.apache.commons.lang3.reflect.FieldUtilsTest" name="testReadDeclaredNamedFieldForceAccess" time="0.001"/>
  <testcase classname="org.apache.commons.lang3.reflect.FieldUtilsTest" name="testGetField" time="0"/>
  <testcase classname="org.apache.commons.lang3.reflect.FieldUtilsTest" name="testGetFieldIllegalArgumentException1" time="0"/>
  <testcase classname="org.apache.commons.lang3.reflect.FieldUtilsTest" name="testGetFieldIllegalArgumentException2" time="0"/>
  <testcase classname="org.apache.commons.lang3.reflect.FieldUtilsTest" name="testReadDeclaredNamedStaticField" time="0"/>
  <testcase classname="org.apache.commons.lang3.reflect.FieldUtilsTest" name="testWriteField" time="0"/>
  <testcase classname="org.apache.commons.lang3.reflect.FieldUtilsTest" name="testWriteNamedStaticFieldForceAccess" time="0"/>
  <testcase classname="org.apache.commons.lang3.reflect.FieldUtilsTest" name="testGetDeclaredFieldForceAccessIllegalArgumentException1" time="0.001"/>
  <testcase classname="org.apache.commons.lang3.reflect.FieldUtilsTest" name="testGetDeclaredFieldForceAccessIllegalArgumentException2" time="0"/>
  <testcase classname="org.apache.commons.lang3.reflect.FieldUtilsTest" name="testWriteFieldForceAccess" time="0"/>
  <testcase classname="org.apache.commons.lang3.reflect.FieldUtilsTest" name="testAmbig" time="0"/>
  <testcase classname="org.apache.commons.lang3.reflect.FieldUtilsTest" name="testReadStaticFieldForceAccessIllegalArgumentException1" time="0"/>
  <testcase classname="org.apache.commons.lang3.reflect.FieldUtilsTest" name="testReadStaticFieldForceAccessIllegalArgumentException2" time="0.002"/>
  <testcase classname="org.apache.commons.lang3.reflect.FieldUtilsTest" name="testWriteNamedField" time="0"/>
  <testcase classname="org.apache.commons.lang3.reflect.FieldUtilsTest" name="testWriteDeclaredNamedFieldForceAccess" time="0"/>
  <testcase classname="org.apache.commons.lang3.reflect.FieldUtilsTest" name="testWriteDeclaredNamedStaticField" time="0"/>
  <testcase classname="org.apache.commons.lang3.reflect.FieldUtilsTest" name="testReadNamedField" time="0"/>
  <testcase classname="org.apache.commons.lang3.reflect.FieldUtilsTest" name="testReadStaticFieldIllegalArgumentException1" time="0"/>
  <testcase classname="org.apache.commons.lang3.reflect.FieldUtilsTest" name="testReadStaticFieldIllegalArgumentException2" time="0"/>
  <testcase classname="org.apache.commons.lang3.reflect.FieldUtilsTest" name="testGetFieldForceAccess" time="0"/>
  <testcase classname="org.apache.commons.lang3.reflect.FieldUtilsTest" name="testReadField" time="0"/>
  <testcase classname="org.apache.commons.lang3.reflect.FieldUtilsTest" name="testWriteNamedStaticField" time="0.001"/>
  <testcase classname="org.apache.commons.lang3.reflect.FieldUtilsTest" name="testWriteStaticFieldForceAccess" time="0"/>
  <testcase classname="org.apache.commons.lang3.reflect.FieldUtilsTest" name="testWriteStaticField" time="0"/>
  <testcase classname="org.apache.commons.lang3.reflect.FieldUtilsTest" name="testGetFieldForceAccessIllegalArgumentException1" time="0"/>
  <testcase classname="org.apache.commons.lang3.reflect.FieldUtilsTest" name="testGetFieldForceAccessIllegalArgumentException2" time="0"/>
  <testcase classname="org.apache.commons.lang3.reflect.FieldUtilsTest" name="testWriteNamedFieldForceAccess" time="0"/>
  <testcase classname="org.apache.commons.lang3.reflect.FieldUtilsTest" name="testReadNamedStaticFieldForceAccess" time="0"/>
  <testcase classname="org.apache.commons.lang3.reflect.FieldUtilsTest" name="testGetAllFields" time="0">
    <failure message="expected:&lt;5&gt; but was:&lt;7&gt;" type="java.lang.AssertionError">java.lang.AssertionError: expected:&lt;5&gt; but was:&lt;7&gt;
	at org.junit.Assert.fail(Assert.java:88)
	at org.junit.Assert.failNotEquals(Assert.java:743)
	at org.junit.Assert.assertEquals(Assert.java:118)
	at org.junit.Assert.assertEquals(Assert.java:555)
	at org.junit.Assert.assertEquals(Assert.java:542)
	at org.apache.commons.lang3.reflect.FieldUtilsTest.testGetAllFields(FieldUtilsTest.java:147)
</failure>
  </testcase>
  <testcase classname="org.apache.commons.lang3.reflect.FieldUtilsTest" name="testReadStaticField" time="0"/>
  <testcase classname="org.apache.commons.lang3.reflect.FieldUtilsTest" name="testGetDeclaredFieldAccessIllegalArgumentException1" time="0"/>
  <testcase classname="org.apache.commons.lang3.reflect.FieldUtilsTest" name="testGetDeclaredFieldAccessIllegalArgumentException2" time="0"/>
  <testcase classname="org.apache.commons.lang3.reflect.FieldUtilsTest" name="testWriteDeclaredNamedStaticFieldForceAccess" time="0"/>
  <testcase classname="org.apache.commons.lang3.reflect.FieldUtilsTest" name="testWriteDeclaredNamedField" time="0"/>
  <testcase classname="org.apache.commons.lang3.reflect.FieldUtilsTest" name="testGetDeclaredField" time="0"/>
  <testcase classname="org.apache.commons.lang3.reflect.FieldUtilsTest" name="testGetDeclaredFieldForceAccess" time="0"/>
  <testcase classname="org.apache.commons.lang3.reflect.FieldUtilsTest" name="testReadFieldForceAccess" time="0"/>
  <testcase classname="org.apache.commons.lang3.reflect.FieldUtilsTest" name="testReadNamedFieldForceAccess" time="0"/>
  <testcase classname="org.apache.commons.lang3.reflect.FieldUtilsTest" name="testConstructor" time="0.001"/>
</testsuite>