<?xml version="1.0" encoding="UTF-8" ?>
<testsuite tests="99" failures="0" name="org.apache.commons.lang3.StringUtilsTest" time="0.03" errors="0" skipped="0">
  <properties>
    <property name="java.runtime.name" value="OpenJDK Runtime Environment"/>
    <property name="java.vm.version" value="11.0.20.1+1-LTS"/>
    <property name="sun.boot.library.path" value="/Users/shanv/.sdkman/candidates/java/11.0.20.1-zulu/zulu-11.jdk/Contents/Home/lib"/>
    <property name="gopherProxySet" value="false"/>
    <property name="jdk.vendor.version" value="Zulu11.66+19-CA"/>
    <property name="maven.multiModuleProjectDirectory" value="/Users/shanv/Desktop/Github Repos/SOEN-345-Project/Lang/Lang_3b_LLM"/>
    <property name="java.vm.vendor" value="Azul Systems, Inc."/>
    <property name="java.vendor.url" value="http://www.azul.com/"/>
    <property name="guice.disable.misplaced.annotation.check" value="true"/>
    <property name="path.separator" value=":"/>
    <property name="java.vm.name" value="OpenJDK 64-Bit Server VM"/>
    <property name="sun.os.patch.level" value="unknown"/>
    <property name="user.country" value="CA"/>
    <property name="sun.java.launcher" value="SUN_STANDARD"/>
    <property name="java.vm.specification.name" value="Java Virtual Machine Specification"/>
    <property name="user.dir" value="/Users/shanv/Desktop/Github Repos/SOEN-345-Project/Lang/Lang_3b_LLM"/>
    <property name="java.vm.compressedOopsMode" value="Zero based"/>
    <property name="java.runtime.version" value="11.0.20.1+1-LTS"/>
    <property name="java.awt.graphicsenv" value="sun.awt.CGraphicsEnvironment"/>
    <property name="os.arch" value="aarch64"/>
    <property name="java.io.tmpdir" value="/var/folders/98/1z4vmp_9007d_k7p53bjpsk40000gn/T/"/>
    <property name="line.separator" value="
"/>
    <property name="java.vm.specification.vendor" value="Oracle Corporation"/>
    <property name="os.name" value="Mac OS X"/>
    <property name="classworlds.conf" value="/opt/homebrew/Cellar/maven/3.9.9/libexec/bin/m2.conf"/>
    <property name="sun.jnu.encoding" value="UTF-8"/>
    <property name="java.library.path" value="/Users/shanv/Library/Java/Extensions:/Library/Java/Extensions:/Network/Library/Java/Extensions:/System/Library/Java/Extensions:/usr/lib/java:."/>
    <property name="maven.conf" value="/opt/homebrew/Cellar/maven/3.9.9/libexec/conf"/>
    <property name="jdk.debug" value="release"/>
    <property name="java.class.version" value="55.0"/>
    <property name="java.specification.name" value="Java Platform API Specification"/>
    <property name="sun.management.compiler" value="HotSpot 64-Bit Tiered Compilers"/>
    <property name="os.version" value="13.2.1"/>
    <property name="library.jansi.path" value="/opt/homebrew/Cellar/maven/3.9.9/libexec/lib/jansi-native"/>
    <property name="http.nonProxyHosts" value="local|*.local|169.254/16|*.169.254/16"/>
    <property name="user.home" value="/Users/shanv"/>
    <property name="user.timezone" value="America/Toronto"/>
    <property name="java.awt.printerjob" value="sun.lwawt.macosx.CPrinterJob"/>
    <property name="file.encoding" value="UTF-8"/>
    <property name="java.specification.version" value="11"/>
    <property name="user.name" value="shanv"/>
    <property name="java.class.path" value="/opt/homebrew/Cellar/maven/3.9.9/libexec/boot/plexus-classworlds-2.8.0.jar"/>
    <property name="java.vm.specification.version" value="11"/>
    <property name="sun.arch.data.model" value="64"/>
    <property name="sun.java.command" value="org.codehaus.plexus.classworlds.launcher.Launcher clean install"/>
    <property name="java.home" value="/Users/shanv/.sdkman/candidates/java/11.0.20.1-zulu/zulu-11.jdk/Contents/Home"/>
    <property name="user.language" value="en"/>
    <property name="java.specification.vendor" value="Oracle Corporation"/>
    <property name="awt.toolkit" value="sun.lwawt.macosx.LWCToolkit"/>
    <property name="java.vm.info" value="mixed mode"/>
    <property name="java.version" value="11.0.20.1"/>
    <property name="java.vendor" value="Azul Systems, Inc."/>
    <property name="java.specification.maintenance.version" value="2"/>
    <property name="maven.home" value="/opt/homebrew/Cellar/maven/3.9.9/libexec"/>
    <property name="file.separator" value="/"/>
    <property name="java.version.date" value="2023-08-24"/>
    <property name="java.vendor.url.bug" value="http://www.azul.com/support/"/>
    <property name="sun.io.unicode.encoding" value="UnicodeBig"/>
    <property name="sun.cpu.endian" value="little"/>
    <property name="java.vendor.version" value="Zulu11.66+19-CA"/>
    <property name="socksNonProxyHosts" value="local|*.local|169.254/16|*.169.254/16"/>
    <property name="ftp.nonProxyHosts" value="local|*.local|169.254/16|*.169.254/16"/>
    <property name="sun.cpu.isalist" value=""/>
  </properties>
  <testcase classname="org.apache.commons.lang3.StringUtilsTest" name="testJoin_IterableChar" time="0"/>
  <testcase classname="org.apache.commons.lang3.StringUtilsTest" name="testRightPad_StringInt" time="0"/>
  <testcase classname="org.apache.commons.lang3.StringUtilsTest" name="testRemovePattern" time="0"/>
  <testcase classname="org.apache.commons.lang3.StringUtilsTest" name="testDeleteWhitespace_String" time="0"/>
  <testcase classname="org.apache.commons.lang3.StringUtilsTest" name="testRemove_String" time="0"/>
  <testcase classname="org.apache.commons.lang3.StringUtilsTest" name="testJoin_ArrayOfShorts" time="0"/>
  <testcase classname="org.apache.commons.lang3.StringUtilsTest" name="testDifferenceAt_StringString" time="0"/>
  <testcase classname="org.apache.commons.lang3.StringUtilsTest" name="testSplitByCharacterType" time="0.001"/>
  <testcase classname="org.apache.commons.lang3.StringUtilsTest" name="testLengthStringBuffer" time="0"/>
  <testcase classname="org.apache.commons.lang3.StringUtilsTest" name="testNormalizeSpace" time="0"/>
  <testcase classname="org.apache.commons.lang3.StringUtilsTest" name="testJoin_ArrayOfInts" time="0"/>
  <testcase classname="org.apache.commons.lang3.StringUtilsTest" name="testDifferenceAt_StringArray" time="0"/>
  <testcase classname="org.apache.commons.lang3.StringUtilsTest" name="testRepeat_StringStringInt" time="0"/>
  <testcase classname="org.apache.commons.lang3.StringUtilsTest" name="testOverlay_StringStringIntInt" time="0"/>
  <testcase classname="org.apache.commons.lang3.StringUtilsTest" name="testDefaultIfBlank_StringString" time="0"/>
  <testcase classname="org.apache.commons.lang3.StringUtilsTest" name="testJoin_ArrayString" time="0"/>
  <testcase classname="org.apache.commons.lang3.StringUtilsTest" name="testReplacePattern" time="0"/>
  <testcase classname="org.apache.commons.lang3.StringUtilsTest" name="testPrependIfMissing" time="0"/>
  <testcase classname="org.apache.commons.lang3.StringUtilsTest" name="testIsAllLowerCase" time="0"/>
  <testcase classname="org.apache.commons.lang3.StringUtilsTest" name="testLANG666" time="0"/>
  <testcase classname="org.apache.commons.lang3.StringUtilsTest" name="testReverseDelimited_StringChar" time="0"/>
  <testcase classname="org.apache.commons.lang3.StringUtilsTest" name="testEscapeSurrogatePairs" time="0"/>
  <testcase classname="org.apache.commons.lang3.StringUtilsTest" name="testChomp" time="0"/>
  <testcase classname="org.apache.commons.lang3.StringUtilsTest" name="testEMPTY" time="0"/>
  <testcase classname="org.apache.commons.lang3.StringUtilsTest" name="testChop" time="0"/>
  <testcase classname="org.apache.commons.lang3.StringUtilsTest" name="testToString" time="0.001"/>
  <testcase classname="org.apache.commons.lang3.StringUtilsTest" name="testJoin_IterableString" time="0"/>
  <testcase classname="org.apache.commons.lang3.StringUtilsTest" name="testDefaultIfEmpty_CharBuffers" time="0"/>
  <testcase classname="org.apache.commons.lang3.StringUtilsTest" name="testSplitPreserveAllTokens_StringString_StringStringInt" time="0.014"/>
  <testcase classname="org.apache.commons.lang3.StringUtilsTest" name="testJoin_ArrayCharSeparator" time="0"/>
  <testcase classname="org.apache.commons.lang3.StringUtilsTest" name="testDefaultIfBlank_StringBuffers" time="0"/>
  <testcase classname="org.apache.commons.lang3.StringUtilsTest" name="testRemoveStart" time="0"/>
  <testcase classname="org.apache.commons.lang3.StringUtilsTest" name="testRemove_char" time="0"/>
  <testcase classname="org.apache.commons.lang3.StringUtilsTest" name="testReplaceChars_StringCharChar" time="0"/>
  <testcase classname="org.apache.commons.lang3.StringUtilsTest" name="testAbbreviateMiddle" time="0"/>
  <testcase classname="org.apache.commons.lang3.StringUtilsTest" name="testIsAllUpperCase" time="0"/>
  <testcase classname="org.apache.commons.lang3.StringUtilsTest" name="testRemoveEndIgnoreCase" time="0"/>
  <testcase classname="org.apache.commons.lang3.StringUtilsTest" name="testAppendIfMissingIgnoreCase" time="0"/>
  <testcase classname="org.apache.commons.lang3.StringUtilsTest" name="testCenter_StringIntChar" time="0"/>
  <testcase classname="org.apache.commons.lang3.StringUtilsTest" name="testDefaultIfEmpty_StringBuffers" time="0"/>
  <testcase classname="org.apache.commons.lang3.StringUtilsTest" name="testReplaceChars_StringStringString" time="0"/>
  <testcase classname="org.apache.commons.lang3.StringUtilsTest" name="testLeftPad_StringIntString" time="0"/>
  <testcase classname="org.apache.commons.lang3.StringUtilsTest" name="testLang623" time="0"/>
  <testcase classname="org.apache.commons.lang3.StringUtilsTest" name="testAppendIfMissing" time="0"/>
  <testcase classname="org.apache.commons.lang3.StringUtilsTest" name="testSplitPreserveAllTokens_StringChar" time="0"/>
  <testcase classname="org.apache.commons.lang3.StringUtilsTest" name="testGetLevenshteinDistance_StringStringInt" time="0"/>
  <testcase classname="org.apache.commons.lang3.StringUtilsTest" name="testDefaultIfEmpty_StringString" time="0"/>
  <testcase classname="org.apache.commons.lang3.StringUtilsTest" name="testUnescapeSurrogatePairs" time="0.001"/>
  <testcase classname="org.apache.commons.lang3.StringUtilsTest" name="testCenter_StringInt" time="0"/>
  <testcase classname="org.apache.commons.lang3.StringUtilsTest" name="testLength_CharBuffer" time="0"/>
  <testcase classname="org.apache.commons.lang3.StringUtilsTest" name="testGetCommonPrefix_StringArray" time="0"/>
  <testcase classname="org.apache.commons.lang3.StringUtilsTest" name="testSplit_String" time="0"/>
  <testcase classname="org.apache.commons.lang3.StringUtilsTest" name="testLengthString" time="0"/>
  <testcase classname="org.apache.commons.lang3.StringUtilsTest" name="testDefault_String" time="0"/>
  <testcase classname="org.apache.commons.lang3.StringUtilsTest" name="testLeftPad_StringIntChar" time="0"/>
  <testcase classname="org.apache.commons.lang3.StringUtilsTest" name="testRepeat_StringInt" time="0.001"/>
  <testcase classname="org.apache.commons.lang3.StringUtilsTest" name="testAbbreviate_StringInt" time="0"/>
  <testcase classname="org.apache.commons.lang3.StringUtilsTest" name="testDefaultIfBlank_StringBuilders" time="0"/>
  <testcase classname="org.apache.commons.lang3.StringUtilsTest" name="testDefault_StringString" time="0"/>
  <testcase classname="org.apache.commons.lang3.StringUtilsTest" name="testLengthStringBuilder" time="0"/>
  <testcase classname="org.apache.commons.lang3.StringUtilsTest" name="testJoin_IteratorString" time="0"/>
  <testcase classname="org.apache.commons.lang3.StringUtilsTest" name="testRightPad_StringIntChar" time="0.001"/>
  <testcase classname="org.apache.commons.lang3.StringUtilsTest" name="testJoin_ArrayOfDoubles" time="0"/>
  <testcase classname="org.apache.commons.lang3.StringUtilsTest" name="testGetLevenshteinDistance_StringString" time="0"/>
  <testcase classname="org.apache.commons.lang3.StringUtilsTest" name="testJoin_Objectarray" time="0"/>
  <testcase classname="org.apache.commons.lang3.StringUtilsTest" name="testAbbreviate_StringIntInt" time="0"/>
  <testcase classname="org.apache.commons.lang3.StringUtilsTest" name="testReplace_StringStringArrayStringArray" time="0"/>
  <testcase classname="org.apache.commons.lang3.StringUtilsTest" name="testEscapeSurrogatePairsLang858" time="0"/>
  <testcase classname="org.apache.commons.lang3.StringUtilsTest" name="testSplitPreserveAllTokens_String" time="0"/>
  <testcase classname="org.apache.commons.lang3.StringUtilsTest" name="testReplaceOnce_StringStringString" time="0"/>
  <testcase classname="org.apache.commons.lang3.StringUtilsTest" name="testStringUtilsCharSequenceContract" time="0.001"/>
  <testcase classname="org.apache.commons.lang3.StringUtilsTest" name="testJoin_IteratorChar" time="0"/>
  <testcase classname="org.apache.commons.lang3.StringUtilsTest" name="testReverse_String" time="0"/>
  <testcase classname="org.apache.commons.lang3.StringUtilsTest" name="testReplace_StringStringString" time="0"/>
  <testcase classname="org.apache.commons.lang3.StringUtilsTest" name="testSplitByWholeSeparatorPreserveAllTokens_StringStringInt" time="0"/>
  <testcase classname="org.apache.commons.lang3.StringUtilsTest" name="testCaseFunctions" time="0"/>
  <testcase classname="org.apache.commons.lang3.StringUtilsTest" name="testSplitByWholeString_StringStringBooleanInt" time="0"/>
  <testcase classname="org.apache.commons.lang3.StringUtilsTest" name="testSplitByWholeString_StringStringBoolean" time="0"/>
  <testcase classname="org.apache.commons.lang3.StringUtilsTest" name="testDefaultIfEmpty_StringBuilders" time="0"/>
  <testcase classname="org.apache.commons.lang3.StringUtilsTest" name="testDifference_StringString" time="0"/>
  <testcase classname="org.apache.commons.lang3.StringUtilsTest" name="testLeftPad_StringInt" time="0"/>
  <testcase classname="org.apache.commons.lang3.StringUtilsTest" name="testDefaultIfBlank_CharBuffers" time="0"/>
  <testcase classname="org.apache.commons.lang3.StringUtilsTest" name="testPrependIfMissingIgnoreCase" time="0"/>
  <testcase classname="org.apache.commons.lang3.StringUtilsTest" name="testReplace_StringStringArrayStringArrayBoolean" time="0"/>
  <testcase classname="org.apache.commons.lang3.StringUtilsTest" name="testSplit_StringChar" time="0"/>
  <testcase classname="org.apache.commons.lang3.StringUtilsTest" name="testRightPad_StringIntString" time="0"/>
  <testcase classname="org.apache.commons.lang3.StringUtilsTest" name="testSwapCase_String" time="0.006"/>
  <testcase classname="org.apache.commons.lang3.StringUtilsTest" name="testRemoveStartIgnoreCase" time="0"/>
  <testcase classname="org.apache.commons.lang3.StringUtilsTest" name="testSplit_StringString_StringStringInt" time="0.004"/>
  <testcase classname="org.apache.commons.lang3.StringUtilsTest" name="testJoin_ArrayOfBytes" time="0"/>
  <testcase classname="org.apache.commons.lang3.StringUtilsTest" name="testJoin_ArrayOfChars" time="0"/>
  <testcase classname="org.apache.commons.lang3.StringUtilsTest" name="testJoin_ArrayOfLongs" time="0"/>
  <testcase classname="org.apache.commons.lang3.StringUtilsTest" name="testJoin_Objects" time="0"/>
  <testcase classname="org.apache.commons.lang3.StringUtilsTest" name="testRemoveEnd" time="0"/>
  <testcase classname="org.apache.commons.lang3.StringUtilsTest" name="testJoin_ArrayOfFloats" time="0"/>
  <testcase classname="org.apache.commons.lang3.StringUtilsTest" name="testCenter_StringIntString" time="0"/>
  <testcase classname="org.apache.commons.lang3.StringUtilsTest" name="testConstructor" time="0"/>
  <testcase classname="org.apache.commons.lang3.StringUtilsTest" name="testSplitByCharacterTypeCamelCase" time="0"/>
  <testcase classname="org.apache.commons.lang3.StringUtilsTest" name="testReplace_StringStringStringInt" time="0"/>
</testsuite>