<?xml version="1.0" encoding="UTF-8" ?>
<testsuite tests="122" failures="0" name="org.apache.commons.math3.analysis.differentiation.DerivativeStructureTest" time="1.086" errors="0" skipped="0">
  <properties>
    <property name="java.runtime.name" value="OpenJDK Runtime Environment"/>
    <property name="java.vm.version" value="11.0.26+4-post-Ubuntu-1ubuntu122.04"/>
    <property name="sun.boot.library.path" value="/usr/lib/jvm/java-11-openjdk-amd64/lib"/>
    <property name="maven.multiModuleProjectDirectory" value="/home/daniel/SOEN-345-Project/Math/Math_5b"/>
    <property name="java.vm.vendor" value="Ubuntu"/>
    <property name="java.vendor.url" value="https://ubuntu.com/"/>
    <property name="guice.disable.misplaced.annotation.check" value="true"/>
    <property name="path.separator" value=":"/>
    <property name="java.vm.name" value="OpenJDK 64-Bit Server VM"/>
    <property name="sun.os.patch.level" value="unknown"/>
    <property name="sun.java.launcher" value="SUN_STANDARD"/>
    <property name="java.vm.specification.name" value="Java Virtual Machine Specification"/>
    <property name="user.dir" value="/home/daniel/SOEN-345-Project/Math/Math_5b"/>
    <property name="java.vm.compressedOopsMode" value="32-bit"/>
    <property name="java.runtime.version" value="11.0.26+4-post-Ubuntu-1ubuntu122.04"/>
    <property name="java.awt.graphicsenv" value="sun.awt.X11GraphicsEnvironment"/>
    <property name="os.arch" value="amd64"/>
    <property name="java.io.tmpdir" value="/tmp"/>
    <property name="line.separator" value="
"/>
    <property name="java.vm.specification.vendor" value="Oracle Corporation"/>
    <property name="os.name" value="Linux"/>
    <property name="classworlds.conf" value="/mnt/c/Program Files/Maven/apache-maven-3.9.9/bin/m2.conf"/>
    <property name="sun.jnu.encoding" value="UTF-8"/>
    <property name="java.library.path" value="/usr/java/packages/lib:/usr/lib/x86_64-linux-gnu/jni:/lib/x86_64-linux-gnu:/usr/lib/x86_64-linux-gnu:/usr/lib/jni:/lib:/usr/lib"/>
    <property name="maven.conf" value="/mnt/c/Program Files/Maven/apache-maven-3.9.9/conf"/>
    <property name="jdk.debug" value="release"/>
    <property name="java.class.version" value="55.0"/>
    <property name="java.specification.name" value="Java Platform API Specification"/>
    <property name="sun.management.compiler" value="HotSpot 64-Bit Tiered Compilers"/>
    <property name="os.version" value="5.15.167.4-microsoft-standard-WSL2"/>
    <property name="library.jansi.path" value="/mnt/c/Program Files/Maven/apache-maven-3.9.9/lib/jansi-native"/>
    <property name="user.home" value="/home/daniel"/>
    <property name="user.timezone" value="America/Toronto"/>
    <property name="java.awt.printerjob" value="sun.print.PSPrinterJob"/>
    <property name="file.encoding" value="UTF-8"/>
    <property name="java.specification.version" value="11"/>
    <property name="user.name" value="daniel"/>
    <property name="java.class.path" value="/mnt/c/Program Files/Maven/apache-maven-3.9.9/boot/plexus-classworlds-2.8.0.jar"/>
    <property name="java.vm.specification.version" value="11"/>
    <property name="sun.arch.data.model" value="64"/>
    <property name="sun.java.command" value="org.codehaus.plexus.classworlds.launcher.Launcher clean verify"/>
    <property name="java.home" value="/usr/lib/jvm/java-11-openjdk-amd64"/>
    <property name="user.language" value="en"/>
    <property name="java.specification.vendor" value="Oracle Corporation"/>
    <property name="awt.toolkit" value="sun.awt.X11.XToolkit"/>
    <property name="java.vm.info" value="mixed mode, sharing"/>
    <property name="java.version" value="11.0.26"/>
    <property name="java.vendor" value="Ubuntu"/>
    <property name="java.specification.maintenance.version" value="3"/>
    <property name="maven.home" value="/mnt/c/Program Files/Maven/apache-maven-3.9.9"/>
    <property name="file.separator" value="/"/>
    <property name="java.version.date" value="2025-01-21"/>
    <property name="java.vendor.url.bug" value="https://bugs.launchpad.net/ubuntu/+source/openjdk-lts"/>
    <property name="sun.io.unicode.encoding" value="UnicodeLittle"/>
    <property name="sun.cpu.endian" value="little"/>
    <property name="sun.cpu.isalist" value=""/>
  </properties>
  <testcase classname="org.apache.commons.math3.analysis.differentiation.DerivativeStructureTest" name="testAbs" time="0"/>
  <testcase classname="org.apache.commons.math3.analysis.differentiation.DerivativeStructureTest" name="testAdd" time="0"/>
  <testcase classname="org.apache.commons.math3.analysis.differentiation.DerivativeStructureTest" name="testReciprocal" time="0"/>
  <testcase classname="org.apache.commons.math3.analysis.differentiation.DerivativeStructureTest" name="testMultiply" time="0"/>
  <testcase classname="org.apache.commons.math3.analysis.differentiation.DerivativeStructureTest" name="testNegate" time="0"/>
  <testcase classname="org.apache.commons.math3.analysis.differentiation.DerivativeStructureTest" name="testSubtract" time="0"/>
  <testcase classname="org.apache.commons.math3.analysis.differentiation.DerivativeStructureTest" name="testExp" time="0.017"/>
  <testcase classname="org.apache.commons.math3.analysis.differentiation.DerivativeStructureTest" name="testLog" time="0.017"/>
  <testcase classname="org.apache.commons.math3.analysis.differentiation.DerivativeStructureTest" name="testPow" time="0.009"/>
  <testcase classname="org.apache.commons.math3.analysis.differentiation.DerivativeStructureTest" name="testAtan2" time="0.03"/>
  <testcase classname="org.apache.commons.math3.analysis.differentiation.DerivativeStructureTest" name="testSignum" time="0"/>
  <testcase classname="org.apache.commons.math3.analysis.differentiation.DerivativeStructureTest" name="testAtan2SpecialCases" time="0"/>
  <testcase classname="org.apache.commons.math3.analysis.differentiation.DerivativeStructureTest" name="testSerialization" time="0.004"/>
  <testcase classname="org.apache.commons.math3.analysis.differentiation.DerivativeStructureTest" name="testConstant" time="0"/>
  <testcase classname="org.apache.commons.math3.analysis.differentiation.DerivativeStructureTest" name="testCompose" time="0.078"/>
  <testcase classname="org.apache.commons.math3.analysis.differentiation.DerivativeStructureTest" name="testWrongVariableIndex" time="0"/>
  <testcase classname="org.apache.commons.math3.analysis.differentiation.DerivativeStructureTest" name="testMissingOrders" time="0"/>
  <testcase classname="org.apache.commons.math3.analysis.differentiation.DerivativeStructureTest" name="testTooLargeOrder" time="0"/>
  <testcase classname="org.apache.commons.math3.analysis.differentiation.DerivativeStructureTest" name="testVariableWithoutDerivative0" time="0"/>
  <testcase classname="org.apache.commons.math3.analysis.differentiation.DerivativeStructureTest" name="testVariableWithoutDerivative1" time="0"/>
  <testcase classname="org.apache.commons.math3.analysis.differentiation.DerivativeStructureTest" name="testVariable" time="0"/>
  <testcase classname="org.apache.commons.math3.analysis.differentiation.DerivativeStructureTest" name="testPrimitiveAdd" time="0"/>
  <testcase classname="org.apache.commons.math3.analysis.differentiation.DerivativeStructureTest" name="testPrimitiveSubtract" time="0"/>
  <testcase classname="org.apache.commons.math3.analysis.differentiation.DerivativeStructureTest" name="testPrimitiveMultiply" time="0.001"/>
  <testcase classname="org.apache.commons.math3.analysis.differentiation.DerivativeStructureTest" name="testExpression" time="0.114"/>
  <testcase classname="org.apache.commons.math3.analysis.differentiation.DerivativeStructureTest" name="testCompositionOneVariableX" time="0.002"/>
  <testcase classname="org.apache.commons.math3.analysis.differentiation.DerivativeStructureTest" name="testTrigo" time="0.083"/>
  <testcase classname="org.apache.commons.math3.analysis.differentiation.DerivativeStructureTest" name="testSqrtDefinition" time="0.019"/>
  <testcase classname="org.apache.commons.math3.analysis.differentiation.DerivativeStructureTest" name="testRootNSingularity" time="0.012"/>
  <testcase classname="org.apache.commons.math3.analysis.differentiation.DerivativeStructureTest" name="testSqrtPow2" time="0.014"/>
  <testcase classname="org.apache.commons.math3.analysis.differentiation.DerivativeStructureTest" name="testCbrtDefinition" time="0.024"/>
  <testcase classname="org.apache.commons.math3.analysis.differentiation.DerivativeStructureTest" name="testCbrtPow3" time="0.017"/>
  <testcase classname="org.apache.commons.math3.analysis.differentiation.DerivativeStructureTest" name="testPowReciprocalPow" time="0.191"/>
  <testcase classname="org.apache.commons.math3.analysis.differentiation.DerivativeStructureTest" name="testHypotDefinition" time="0.008"/>
  <testcase classname="org.apache.commons.math3.analysis.differentiation.DerivativeStructureTest" name="testHypotNoOverflow" time="0"/>
  <testcase classname="org.apache.commons.math3.analysis.differentiation.DerivativeStructureTest" name="testHypotNeglectible" time="0"/>
  <testcase classname="org.apache.commons.math3.analysis.differentiation.DerivativeStructureTest" name="testHypotSpecial" time="0"/>
  <testcase classname="org.apache.commons.math3.analysis.differentiation.DerivativeStructureTest" name="testPrimitiveRemainder" time="0.005"/>
  <testcase classname="org.apache.commons.math3.analysis.differentiation.DerivativeStructureTest" name="testRemainder" time="0.006"/>
  <testcase classname="org.apache.commons.math3.analysis.differentiation.DerivativeStructureTest" name="testExpm1Definition" time="0.011"/>
  <testcase classname="org.apache.commons.math3.analysis.differentiation.DerivativeStructureTest" name="testLog1pDefinition" time="0.011"/>
  <testcase classname="org.apache.commons.math3.analysis.differentiation.DerivativeStructureTest" name="testLog10Definition" time="0.013"/>
  <testcase classname="org.apache.commons.math3.analysis.differentiation.DerivativeStructureTest" name="testLogExp" time="0.008"/>
  <testcase classname="org.apache.commons.math3.analysis.differentiation.DerivativeStructureTest" name="testLog1pExpm1" time="0.008"/>
  <testcase classname="org.apache.commons.math3.analysis.differentiation.DerivativeStructureTest" name="testLog10Power" time="0.009"/>
  <testcase classname="org.apache.commons.math3.analysis.differentiation.DerivativeStructureTest" name="testSinCos" time="0.017"/>
  <testcase classname="org.apache.commons.math3.analysis.differentiation.DerivativeStructureTest" name="testSinAsin" time="0.012"/>
  <testcase classname="org.apache.commons.math3.analysis.differentiation.DerivativeStructureTest" name="testCosAcos" time="0.011"/>
  <testcase classname="org.apache.commons.math3.analysis.differentiation.DerivativeStructureTest" name="testTanAtan" time="0.01"/>
  <testcase classname="org.apache.commons.math3.analysis.differentiation.DerivativeStructureTest" name="testTangentDefinition" time="0.012"/>
  <testcase classname="org.apache.commons.math3.analysis.differentiation.DerivativeStructureTest" name="testSinhDefinition" time="0.01"/>
  <testcase classname="org.apache.commons.math3.analysis.differentiation.DerivativeStructureTest" name="testCoshDefinition" time="0.008"/>
  <testcase classname="org.apache.commons.math3.analysis.differentiation.DerivativeStructureTest" name="testTanhDefinition" time="0.013"/>
  <testcase classname="org.apache.commons.math3.analysis.differentiation.DerivativeStructureTest" name="testSinhAsinh" time="0.009"/>
  <testcase classname="org.apache.commons.math3.analysis.differentiation.DerivativeStructureTest" name="testCoshAcosh" time="0.01"/>
  <testcase classname="org.apache.commons.math3.analysis.differentiation.DerivativeStructureTest" name="testTanhAtanh" time="0.011"/>
  <testcase classname="org.apache.commons.math3.analysis.differentiation.DerivativeStructureTest" name="testCompositionOneVariableY" time="0.001"/>
  <testcase classname="org.apache.commons.math3.analysis.differentiation.DerivativeStructureTest" name="testTaylorPolynomial" time="0.044"/>
  <testcase classname="org.apache.commons.math3.analysis.differentiation.DerivativeStructureTest" name="testTaylorAtan2" time="0.028"/>
  <testcase classname="org.apache.commons.math3.analysis.differentiation.DerivativeStructureTest" name="testCeilFloorRintLong" time="0"/>
  <testcase classname="org.apache.commons.math3.analysis.differentiation.DerivativeStructureTest" name="testCopySign" time="0"/>
  <testcase classname="org.apache.commons.math3.analysis.differentiation.DerivativeStructureTest" name="testToDegreesDefinition" time="0.009"/>
  <testcase classname="org.apache.commons.math3.analysis.differentiation.DerivativeStructureTest" name="testToRadiansDefinition" time="0.01"/>
  <testcase classname="org.apache.commons.math3.analysis.differentiation.DerivativeStructureTest" name="testDegRad" time="0.008"/>
  <testcase classname="org.apache.commons.math3.analysis.differentiation.DerivativeStructureTest" name="testComposeMismatchedDimensions" time="0"/>
  <testcase classname="org.apache.commons.math3.analysis.differentiation.DerivativeStructureTest" name="testField" time="0"/>
  <testcase classname="org.apache.commons.math3.analysis.differentiation.DerivativeStructureTest" name="testOneParameterConstructor" time="0"/>
  <testcase classname="org.apache.commons.math3.analysis.differentiation.DerivativeStructureTest" name="testOneOrderConstructor" time="0"/>
  <testcase classname="org.apache.commons.math3.analysis.differentiation.DerivativeStructureTest" name="testLinearCombination1DSDS" time="0"/>
  <testcase classname="org.apache.commons.math3.analysis.differentiation.DerivativeStructureTest" name="testLinearCombination1DoubleDS" time="0"/>
  <testcase classname="org.apache.commons.math3.analysis.differentiation.DerivativeStructureTest" name="testLinearCombination2DSDS" time="0.069"/>
  <testcase classname="org.apache.commons.math3.analysis.differentiation.DerivativeStructureTest" name="testLinearCombination2DoubleDS" time="0.061"/>
  <testcase classname="org.apache.commons.math3.analysis.differentiation.DerivativeStructureTest" name="testAcos" time="0"/>
  <testcase classname="org.apache.commons.math3.analysis.differentiation.DerivativeStructureTest" name="testAsin" time="0"/>
  <testcase classname="org.apache.commons.math3.analysis.differentiation.DerivativeStructureTest" name="testAtan" time="0"/>
  <testcase classname="org.apache.commons.math3.analysis.differentiation.DerivativeStructureTest" name="testCos" time="0"/>
  <testcase classname="org.apache.commons.math3.analysis.differentiation.DerivativeStructureTest" name="testCosh" time="0"/>
  <testcase classname="org.apache.commons.math3.analysis.differentiation.DerivativeStructureTest" name="testSin" time="0.001"/>
  <testcase classname="org.apache.commons.math3.analysis.differentiation.DerivativeStructureTest" name="testSinh" time="0"/>
  <testcase classname="org.apache.commons.math3.analysis.differentiation.DerivativeStructureTest" name="testTan" time="0.001"/>
  <testcase classname="org.apache.commons.math3.analysis.differentiation.DerivativeStructureTest" name="testTanh" time="0.003"/>
  <testcase classname="org.apache.commons.math3.analysis.differentiation.DerivativeStructureTest" name="testHash" time="0"/>
  <testcase classname="org.apache.commons.math3.analysis.differentiation.DerivativeStructureTest" name="testAddField" time="0"/>
  <testcase classname="org.apache.commons.math3.analysis.differentiation.DerivativeStructureTest" name="testAddDouble" time="0"/>
  <testcase classname="org.apache.commons.math3.analysis.differentiation.DerivativeStructureTest" name="testSubtractField" time="0.002"/>
  <testcase classname="org.apache.commons.math3.analysis.differentiation.DerivativeStructureTest" name="testSubtractDouble" time="0"/>
  <testcase classname="org.apache.commons.math3.analysis.differentiation.DerivativeStructureTest" name="testMultiplyField" time="0"/>
  <testcase classname="org.apache.commons.math3.analysis.differentiation.DerivativeStructureTest" name="testMultiplyDouble" time="0.001"/>
  <testcase classname="org.apache.commons.math3.analysis.differentiation.DerivativeStructureTest" name="testMultiplyInt" time="0"/>
  <testcase classname="org.apache.commons.math3.analysis.differentiation.DerivativeStructureTest" name="testDivideField" time="0"/>
  <testcase classname="org.apache.commons.math3.analysis.differentiation.DerivativeStructureTest" name="testDivideDouble" time="0.001"/>
  <testcase classname="org.apache.commons.math3.analysis.differentiation.DerivativeStructureTest" name="testRemainderField" time="0.001"/>
  <testcase classname="org.apache.commons.math3.analysis.differentiation.DerivativeStructureTest" name="testRemainderDouble" time="0"/>
  <testcase classname="org.apache.commons.math3.analysis.differentiation.DerivativeStructureTest" name="testAcosh" time="0"/>
  <testcase classname="org.apache.commons.math3.analysis.differentiation.DerivativeStructureTest" name="testAsinh" time="0"/>
  <testcase classname="org.apache.commons.math3.analysis.differentiation.DerivativeStructureTest" name="testAtanh" time="0"/>
  <testcase classname="org.apache.commons.math3.analysis.differentiation.DerivativeStructureTest" name="testSqrt" time="0"/>
  <testcase classname="org.apache.commons.math3.analysis.differentiation.DerivativeStructureTest" name="testCbrt" time="0"/>
  <testcase classname="org.apache.commons.math3.analysis.differentiation.DerivativeStructureTest" name="testHypot" time="0.002"/>
  <testcase classname="org.apache.commons.math3.analysis.differentiation.DerivativeStructureTest" name="testRootN" time="0"/>
  <testcase classname="org.apache.commons.math3.analysis.differentiation.DerivativeStructureTest" name="testPowField" time="0.001"/>
  <testcase classname="org.apache.commons.math3.analysis.differentiation.DerivativeStructureTest" name="testPowDouble" time="0"/>
  <testcase classname="org.apache.commons.math3.analysis.differentiation.DerivativeStructureTest" name="testPowInt" time="0"/>
  <testcase classname="org.apache.commons.math3.analysis.differentiation.DerivativeStructureTest" name="testExpm1" time="0"/>
  <testcase classname="org.apache.commons.math3.analysis.differentiation.DerivativeStructureTest" name="testLog1p" time="0"/>
  <testcase classname="org.apache.commons.math3.analysis.differentiation.DerivativeStructureTest" name="testCeil" time="0"/>
  <testcase classname="org.apache.commons.math3.analysis.differentiation.DerivativeStructureTest" name="testFloor" time="0"/>
  <testcase classname="org.apache.commons.math3.analysis.differentiation.DerivativeStructureTest" name="testRint" time="0"/>
  <testcase classname="org.apache.commons.math3.analysis.differentiation.DerivativeStructureTest" name="testRound" time="0"/>
  <testcase classname="org.apache.commons.math3.analysis.differentiation.DerivativeStructureTest" name="testCopySignField" time="0.002"/>
  <testcase classname="org.apache.commons.math3.analysis.differentiation.DerivativeStructureTest" name="testCopySignDouble" time="0.001"/>
  <testcase classname="org.apache.commons.math3.analysis.differentiation.DerivativeStructureTest" name="testScalb" time="0.003"/>
  <testcase classname="org.apache.commons.math3.analysis.differentiation.DerivativeStructureTest" name="testLinearCombinationFaFa" time="0"/>
  <testcase classname="org.apache.commons.math3.analysis.differentiation.DerivativeStructureTest" name="testLinearCombinationDaFa" time="0.001"/>
  <testcase classname="org.apache.commons.math3.analysis.differentiation.DerivativeStructureTest" name="testLinearCombinationFF2" time="0"/>
  <testcase classname="org.apache.commons.math3.analysis.differentiation.DerivativeStructureTest" name="testLinearCombinationDF2" time="0.001"/>
  <testcase classname="org.apache.commons.math3.analysis.differentiation.DerivativeStructureTest" name="testLinearCombinationFF3" time="0"/>
  <testcase classname="org.apache.commons.math3.analysis.differentiation.DerivativeStructureTest" name="testLinearCombinationDF3" time="0"/>
  <testcase classname="org.apache.commons.math3.analysis.differentiation.DerivativeStructureTest" name="testLinearCombinationFF4" time="0"/>
  <testcase classname="org.apache.commons.math3.analysis.differentiation.DerivativeStructureTest" name="testLinearCombinationDF4" time="0"/>
  <testcase classname="org.apache.commons.math3.analysis.differentiation.DerivativeStructureTest" name="testGetField" time="0"/>
  <testcase classname="org.apache.commons.math3.analysis.differentiation.DerivativeStructureTest" name="testEquals" time="0.001"/>
</testsuite>