<?xml version="1.0" encoding="UTF-8" ?>
<testsuite tests="48" failures="0" name="org.apache.commons.math3.linear.BlockRealMatrixTest" time="0.13" errors="0" skipped="0">
  <properties>
    <property name="java.runtime.name" value="OpenJDK Runtime Environment"/>
    <property name="java.vm.version" value="11.0.26+4-post-Ubuntu-1ubuntu122.04"/>
    <property name="sun.boot.library.path" value="/usr/lib/jvm/java-11-openjdk-amd64/lib"/>
    <property name="maven.multiModuleProjectDirectory" value="/home/daniel/SOEN-345-Project/Math/Math_5b"/>
    <property name="java.vm.vendor" value="Ubuntu"/>
    <property name="java.vendor.url" value="https://ubuntu.com/"/>
    <property name="guice.disable.misplaced.annotation.check" value="true"/>
    <property name="path.separator" value=":"/>
    <property name="java.vm.name" value="OpenJDK 64-Bit Server VM"/>
    <property name="sun.os.patch.level" value="unknown"/>
    <property name="sun.java.launcher" value="SUN_STANDARD"/>
    <property name="java.vm.specification.name" value="Java Virtual Machine Specification"/>
    <property name="user.dir" value="/home/daniel/SOEN-345-Project/Math/Math_5b"/>
    <property name="java.vm.compressedOopsMode" value="32-bit"/>
    <property name="java.runtime.version" value="11.0.26+4-post-Ubuntu-1ubuntu122.04"/>
    <property name="java.awt.graphicsenv" value="sun.awt.X11GraphicsEnvironment"/>
    <property name="os.arch" value="amd64"/>
    <property name="java.io.tmpdir" value="/tmp"/>
    <property name="line.separator" value="
"/>
    <property name="java.vm.specification.vendor" value="Oracle Corporation"/>
    <property name="os.name" value="Linux"/>
    <property name="classworlds.conf" value="/mnt/c/Program Files/Maven/apache-maven-3.9.9/bin/m2.conf"/>
    <property name="sun.jnu.encoding" value="UTF-8"/>
    <property name="java.library.path" value="/usr/java/packages/lib:/usr/lib/x86_64-linux-gnu/jni:/lib/x86_64-linux-gnu:/usr/lib/x86_64-linux-gnu:/usr/lib/jni:/lib:/usr/lib"/>
    <property name="maven.conf" value="/mnt/c/Program Files/Maven/apache-maven-3.9.9/conf"/>
    <property name="jdk.debug" value="release"/>
    <property name="java.class.version" value="55.0"/>
    <property name="java.specification.name" value="Java Platform API Specification"/>
    <property name="sun.management.compiler" value="HotSpot 64-Bit Tiered Compilers"/>
    <property name="os.version" value="5.15.167.4-microsoft-standard-WSL2"/>
    <property name="library.jansi.path" value="/mnt/c/Program Files/Maven/apache-maven-3.9.9/lib/jansi-native"/>
    <property name="user.home" value="/home/daniel"/>
    <property name="user.timezone" value="America/Toronto"/>
    <property name="java.awt.printerjob" value="sun.print.PSPrinterJob"/>
    <property name="file.encoding" value="UTF-8"/>
    <property name="java.specification.version" value="11"/>
    <property name="user.name" value="daniel"/>
    <property name="java.class.path" value="/mnt/c/Program Files/Maven/apache-maven-3.9.9/boot/plexus-classworlds-2.8.0.jar"/>
    <property name="java.vm.specification.version" value="11"/>
    <property name="sun.arch.data.model" value="64"/>
    <property name="sun.java.command" value="org.codehaus.plexus.classworlds.launcher.Launcher clean verify"/>
    <property name="java.home" value="/usr/lib/jvm/java-11-openjdk-amd64"/>
    <property name="user.language" value="en"/>
    <property name="java.specification.vendor" value="Oracle Corporation"/>
    <property name="awt.toolkit" value="sun.awt.X11.XToolkit"/>
    <property name="java.vm.info" value="mixed mode, sharing"/>
    <property name="java.version" value="11.0.26"/>
    <property name="java.vendor" value="Ubuntu"/>
    <property name="java.specification.maintenance.version" value="3"/>
    <property name="maven.home" value="/mnt/c/Program Files/Maven/apache-maven-3.9.9"/>
    <property name="file.separator" value="/"/>
    <property name="java.version.date" value="2025-01-21"/>
    <property name="java.vendor.url.bug" value="https://bugs.launchpad.net/ubuntu/+source/openjdk-lts"/>
    <property name="sun.io.unicode.encoding" value="UnicodeLittle"/>
    <property name="sun.cpu.endian" value="little"/>
    <property name="sun.cpu.isalist" value=""/>
  </properties>
  <testcase classname="org.apache.commons.math3.linear.BlockRealMatrixTest" name="testNorm" time="0"/>
  <testcase classname="org.apache.commons.math3.linear.BlockRealMatrixTest" name="testToString" time="0"/>
  <testcase classname="org.apache.commons.math3.linear.BlockRealMatrixTest" name="testSerial" time="0.002"/>
  <testcase classname="org.apache.commons.math3.linear.BlockRealMatrixTest" name="testAdd" time="0"/>
  <testcase classname="org.apache.commons.math3.linear.BlockRealMatrixTest" name="testScalarAdd" time="0.001"/>
  <testcase classname="org.apache.commons.math3.linear.BlockRealMatrixTest" name="testMultiply" time="0"/>
  <testcase classname="org.apache.commons.math3.linear.BlockRealMatrixTest" name="testEqualsAndHashCode" time="0"/>
  <testcase classname="org.apache.commons.math3.linear.BlockRealMatrixTest" name="testGetEntry" time="0"/>
  <testcase classname="org.apache.commons.math3.linear.BlockRealMatrixTest" name="testDimensions" time="0"/>
  <testcase classname="org.apache.commons.math3.linear.BlockRealMatrixTest" name="testCopyFunctions" time="0.002"/>
  <testcase classname="org.apache.commons.math3.linear.BlockRealMatrixTest" name="testAddFail" time="0"/>
  <testcase classname="org.apache.commons.math3.linear.BlockRealMatrixTest" name="testFrobeniusNorm" time="0"/>
  <testcase classname="org.apache.commons.math3.linear.BlockRealMatrixTest" name="testPlusMinus" time="0"/>
  <testcase classname="org.apache.commons.math3.linear.BlockRealMatrixTest" name="testSeveralBlocks" time="0.019"/>
  <testcase classname="org.apache.commons.math3.linear.BlockRealMatrixTest" name="testMultiply2" time="0"/>
  <testcase classname="org.apache.commons.math3.linear.BlockRealMatrixTest" name="testTrace" time="0"/>
  <testcase classname="org.apache.commons.math3.linear.BlockRealMatrixTest" name="testOperate" time="0.001"/>
  <testcase classname="org.apache.commons.math3.linear.BlockRealMatrixTest" name="testOperateLarge" time="0.022"/>
  <testcase classname="org.apache.commons.math3.linear.BlockRealMatrixTest" name="testOperatePremultiplyLarge" time="0.028"/>
  <testcase classname="org.apache.commons.math3.linear.BlockRealMatrixTest" name="testMath209" time="0"/>
  <testcase classname="org.apache.commons.math3.linear.BlockRealMatrixTest" name="testTranspose" time="0"/>
  <testcase classname="org.apache.commons.math3.linear.BlockRealMatrixTest" name="testPremultiplyVector" time="0"/>
  <testcase classname="org.apache.commons.math3.linear.BlockRealMatrixTest" name="testPremultiply" time="0"/>
  <testcase classname="org.apache.commons.math3.linear.BlockRealMatrixTest" name="testGetVectors" time="0"/>
  <testcase classname="org.apache.commons.math3.linear.BlockRealMatrixTest" name="testExamples" time="0"/>
  <testcase classname="org.apache.commons.math3.linear.BlockRealMatrixTest" name="testGetSubMatrix" time="0.001"/>
  <testcase classname="org.apache.commons.math3.linear.BlockRealMatrixTest" name="testGetSetMatrixLarge" time="0.009"/>
  <testcase classname="org.apache.commons.math3.linear.BlockRealMatrixTest" name="testCopySubMatrix" time="0.001"/>
  <testcase classname="org.apache.commons.math3.linear.BlockRealMatrixTest" name="testGetRowMatrix" time="0"/>
  <testcase classname="org.apache.commons.math3.linear.BlockRealMatrixTest" name="testSetRowMatrix" time="0"/>
  <testcase classname="org.apache.commons.math3.linear.BlockRealMatrixTest" name="testGetSetRowMatrixLarge" time="0.004"/>
  <testcase classname="org.apache.commons.math3.linear.BlockRealMatrixTest" name="testGetColumnMatrix" time="0.001"/>
  <testcase classname="org.apache.commons.math3.linear.BlockRealMatrixTest" name="testSetColumnMatrix" time="0"/>
  <testcase classname="org.apache.commons.math3.linear.BlockRealMatrixTest" name="testGetSetColumnMatrixLarge" time="0.004"/>
  <testcase classname="org.apache.commons.math3.linear.BlockRealMatrixTest" name="testGetRowVector" time="0.001"/>
  <testcase classname="org.apache.commons.math3.linear.BlockRealMatrixTest" name="testSetRowVector" time="0"/>
  <testcase classname="org.apache.commons.math3.linear.BlockRealMatrixTest" name="testGetSetRowVectorLarge" time="0.004"/>
  <testcase classname="org.apache.commons.math3.linear.BlockRealMatrixTest" name="testGetColumnVector" time="0.001"/>
  <testcase classname="org.apache.commons.math3.linear.BlockRealMatrixTest" name="testSetColumnVector" time="0"/>
  <testcase classname="org.apache.commons.math3.linear.BlockRealMatrixTest" name="testGetSetColumnVectorLarge" time="0.005"/>
  <testcase classname="org.apache.commons.math3.linear.BlockRealMatrixTest" name="testGetRow" time="0"/>
  <testcase classname="org.apache.commons.math3.linear.BlockRealMatrixTest" name="testSetRow" time="0"/>
  <testcase classname="org.apache.commons.math3.linear.BlockRealMatrixTest" name="testGetSetRowLarge" time="0.003"/>
  <testcase classname="org.apache.commons.math3.linear.BlockRealMatrixTest" name="testGetColumn" time="0.001"/>
  <testcase classname="org.apache.commons.math3.linear.BlockRealMatrixTest" name="testSetColumn" time="0"/>
  <testcase classname="org.apache.commons.math3.linear.BlockRealMatrixTest" name="testGetSetColumnLarge" time="0.003"/>
  <testcase classname="org.apache.commons.math3.linear.BlockRealMatrixTest" name="testSetSubMatrix" time="0"/>
  <testcase classname="org.apache.commons.math3.linear.BlockRealMatrixTest" name="testWalk" time="0.017"/>
</testsuite>