<?xml version="1.0" encoding="UTF-8" ?>
<testsuite tests="54" failures="0" name="org.apache.commons.lang3.ValidateTest" time="0.007" errors="0" skipped="0">
  <properties>
    <property name="java.runtime.name" value="OpenJDK Runtime Environment"/>
    <property name="java.vm.version" value="11.0.20+8-LTS"/>
    <property name="sun.boot.library.path" value="/Users/shanv/.sdkman/candidates/java/11.0.20-zulu/zulu-11.jdk/Contents/Home/lib"/>
    <property name="gopherProxySet" value="false"/>
    <property name="jdk.vendor.version" value="Zulu11.66+15-CA"/>
    <property name="maven.multiModuleProjectDirectory" value="/Users/shanv/Desktop/Github Repos/SOEN-345-Project/Lang/Lang_3b"/>
    <property name="java.vm.vendor" value="Azul Systems, Inc."/>
    <property name="java.vendor.url" value="http://www.azul.com/"/>
    <property name="guice.disable.misplaced.annotation.check" value="true"/>
    <property name="path.separator" value=":"/>
    <property name="java.vm.name" value="OpenJDK 64-Bit Server VM"/>
    <property name="sun.os.patch.level" value="unknown"/>
    <property name="user.country" value="CA"/>
    <property name="sun.java.launcher" value="SUN_STANDARD"/>
    <property name="java.vm.specification.name" value="Java Virtual Machine Specification"/>
    <property name="user.dir" value="/Users/shanv/Desktop/Github Repos/SOEN-345-Project/Lang/Lang_3b"/>
    <property name="java.vm.compressedOopsMode" value="Zero based"/>
    <property name="java.runtime.version" value="11.0.20+8-LTS"/>
    <property name="java.awt.graphicsenv" value="sun.awt.CGraphicsEnvironment"/>
    <property name="os.arch" value="aarch64"/>
    <property name="java.io.tmpdir" value="/var/folders/98/1z4vmp_9007d_k7p53bjpsk40000gn/T/"/>
    <property name="line.separator" value="
"/>
    <property name="java.vm.specification.vendor" value="Oracle Corporation"/>
    <property name="os.name" value="Mac OS X"/>
    <property name="classworlds.conf" value="/opt/homebrew/Cellar/maven/3.9.9/libexec/bin/m2.conf"/>
    <property name="sun.jnu.encoding" value="UTF-8"/>
    <property name="java.library.path" value="/Users/shanv/Library/Java/Extensions:/Library/Java/Extensions:/Network/Library/Java/Extensions:/System/Library/Java/Extensions:/usr/lib/java:."/>
    <property name="maven.conf" value="/opt/homebrew/Cellar/maven/3.9.9/libexec/conf"/>
    <property name="jdk.debug" value="release"/>
    <property name="java.class.version" value="55.0"/>
    <property name="java.specification.name" value="Java Platform API Specification"/>
    <property name="sun.management.compiler" value="HotSpot 64-Bit Tiered Compilers"/>
    <property name="os.version" value="13.2.1"/>
    <property name="library.jansi.path" value="/opt/homebrew/Cellar/maven/3.9.9/libexec/lib/jansi-native"/>
    <property name="http.nonProxyHosts" value="local|*.local|169.254/16|*.169.254/16"/>
    <property name="user.home" value="/Users/shanv"/>
    <property name="user.timezone" value="America/Toronto"/>
    <property name="java.awt.printerjob" value="sun.lwawt.macosx.CPrinterJob"/>
    <property name="file.encoding" value="UTF-8"/>
    <property name="java.specification.version" value="11"/>
    <property name="user.name" value="shanv"/>
    <property name="java.class.path" value="/opt/homebrew/Cellar/maven/3.9.9/libexec/boot/plexus-classworlds-2.8.0.jar"/>
    <property name="java.vm.specification.version" value="11"/>
    <property name="sun.arch.data.model" value="64"/>
    <property name="sun.java.command" value="org.codehaus.plexus.classworlds.launcher.Launcher clean install"/>
    <property name="java.home" value="/Users/shanv/.sdkman/candidates/java/11.0.20-zulu/zulu-11.jdk/Contents/Home"/>
    <property name="user.language" value="en"/>
    <property name="java.specification.vendor" value="Oracle Corporation"/>
    <property name="awt.toolkit" value="sun.lwawt.macosx.LWCToolkit"/>
    <property name="java.vm.info" value="mixed mode"/>
    <property name="java.version" value="11.0.20"/>
    <property name="java.vendor" value="Azul Systems, Inc."/>
    <property name="java.specification.maintenance.version" value="2"/>
    <property name="maven.home" value="/opt/homebrew/Cellar/maven/3.9.9/libexec"/>
    <property name="file.separator" value="/"/>
    <property name="java.version.date" value="2023-07-18"/>
    <property name="java.vendor.url.bug" value="http://www.azul.com/support/"/>
    <property name="sun.io.unicode.encoding" value="UnicodeBig"/>
    <property name="sun.cpu.endian" value="little"/>
    <property name="java.vendor.version" value="Zulu11.66+15-CA"/>
    <property name="socksNonProxyHosts" value="local|*.local|169.254/16|*.169.254/16"/>
    <property name="ftp.nonProxyHosts" value="local|*.local|169.254/16|*.169.254/16"/>
    <property name="sun.cpu.isalist" value=""/>
  </properties>
  <testcase classname="org.apache.commons.lang3.ValidateTest" name="testNotBlankNotBlankStringWithNewlinesShouldNotThrow" time="0.002"/>
  <testcase classname="org.apache.commons.lang3.ValidateTest" name="testNotNull1" time="0"/>
  <testcase classname="org.apache.commons.lang3.ValidateTest" name="testNotNull2" time="0"/>
  <testcase classname="org.apache.commons.lang3.ValidateTest" name="testNotBlankNullStringShouldThrow" time="0"/>
  <testcase classname="org.apache.commons.lang3.ValidateTest" name="testNotBlankMsgEmptyStringShouldThrow" time="0.001"/>
  <testcase classname="org.apache.commons.lang3.ValidateTest" name="testIsAssignableExceptionMessage" time="0"/>
  <testcase classname="org.apache.commons.lang3.ValidateTest" name="testValidIndex_array" time="0"/>
  <testcase classname="org.apache.commons.lang3.ValidateTest" name="testNotBlankMsgBlankStringShouldThrow" time="0"/>
  <testcase classname="org.apache.commons.lang3.ValidateTest" name="testValidIndex_charSequence" time="0"/>
  <testcase classname="org.apache.commons.lang3.ValidateTest" name="testValidIndex_withMessage_collection" time="0"/>
  <testcase classname="org.apache.commons.lang3.ValidateTest" name="testNotBlankReturnValues1" time="0"/>
  <testcase classname="org.apache.commons.lang3.ValidateTest" name="testNotBlankReturnValues2" time="0"/>
  <testcase classname="org.apache.commons.lang3.ValidateTest" name="testInclusiveBetween_withMessage" time="0.001"/>
  <testcase classname="org.apache.commons.lang3.ValidateTest" name="testMatchesPattern" time="0"/>
  <testcase classname="org.apache.commons.lang3.ValidateTest" name="testNotEmptyMap1" time="0"/>
  <testcase classname="org.apache.commons.lang3.ValidateTest" name="testNotEmptyMap2" time="0"/>
  <testcase classname="org.apache.commons.lang3.ValidateTest" name="testIsInstanceOf" time="0"/>
  <testcase classname="org.apache.commons.lang3.ValidateTest" name="testValidIndex_withMessage_charSequence" time="0"/>
  <testcase classname="org.apache.commons.lang3.ValidateTest" name="testNotBlankBlankStringWithNewlinesShouldThrow" time="0"/>
  <testcase classname="org.apache.commons.lang3.ValidateTest" name="testNotBlankMsgNotBlankStringWithWhitespacesShouldNotThrow" time="0"/>
  <testcase classname="org.apache.commons.lang3.ValidateTest" name="testNotBlankNotBlankStringShouldNotThrow" time="0"/>
  <testcase classname="org.apache.commons.lang3.ValidateTest" name="testIsAssignable" time="0"/>
  <testcase classname="org.apache.commons.lang3.ValidateTest" name="testNotBlankMsgNotBlankStringShouldNotThrow" time="0.001"/>
  <testcase classname="org.apache.commons.lang3.ValidateTest" name="testValidIndex_withMessage_array" time="0"/>
  <testcase classname="org.apache.commons.lang3.ValidateTest" name="testNoNullElementsCollection1" time="0"/>
  <testcase classname="org.apache.commons.lang3.ValidateTest" name="testNoNullElementsCollection2" time="0"/>
  <testcase classname="org.apache.commons.lang3.ValidateTest" name="testExclusiveBetween" time="0"/>
  <testcase classname="org.apache.commons.lang3.ValidateTest" name="testInclusiveBetween" time="0"/>
  <testcase classname="org.apache.commons.lang3.ValidateTest" name="testNotBlankEmptyStringShouldThrow" time="0"/>
  <testcase classname="org.apache.commons.lang3.ValidateTest" name="testNotBlankMsgNullStringShouldThrow" time="0"/>
  <testcase classname="org.apache.commons.lang3.ValidateTest" name="testNotBlankMsgNotBlankStringWithNewlinesShouldNotThrow" time="0"/>
  <testcase classname="org.apache.commons.lang3.ValidateTest" name="testIsAssignable_withMessage" time="0"/>
  <testcase classname="org.apache.commons.lang3.ValidateTest" name="testNotEmptyString1" time="0"/>
  <testcase classname="org.apache.commons.lang3.ValidateTest" name="testNotEmptyString2" time="0"/>
  <testcase classname="org.apache.commons.lang3.ValidateTest" name="testNotEmptyCollection1" time="0"/>
  <testcase classname="org.apache.commons.lang3.ValidateTest" name="testNotEmptyCollection2" time="0"/>
  <testcase classname="org.apache.commons.lang3.ValidateTest" name="testNotBlankMsgBlankStringWithWhitespacesShouldThrow" time="0"/>
  <testcase classname="org.apache.commons.lang3.ValidateTest" name="testNotEmptyArray1" time="0"/>
  <testcase classname="org.apache.commons.lang3.ValidateTest" name="testNotEmptyArray2" time="0"/>
  <testcase classname="org.apache.commons.lang3.ValidateTest" name="testValidIndex_collection" time="0"/>
  <testcase classname="org.apache.commons.lang3.ValidateTest" name="testMatchesPattern_withMessage" time="0"/>
  <testcase classname="org.apache.commons.lang3.ValidateTest" name="testNotBlankNotBlankStringWithWhitespacesShouldNotThrow" time="0"/>
  <testcase classname="org.apache.commons.lang3.ValidateTest" name="testIsInstanceOfExceptionMessage" time="0.001"/>
  <testcase classname="org.apache.commons.lang3.ValidateTest" name="testIsTrue1" time="0"/>
  <testcase classname="org.apache.commons.lang3.ValidateTest" name="testIsTrue2" time="0"/>
  <testcase classname="org.apache.commons.lang3.ValidateTest" name="testIsTrue3" time="0"/>
  <testcase classname="org.apache.commons.lang3.ValidateTest" name="testIsTrue4" time="0"/>
  <testcase classname="org.apache.commons.lang3.ValidateTest" name="testIsTrue5" time="0"/>
  <testcase classname="org.apache.commons.lang3.ValidateTest" name="testExclusiveBetween_withMessage" time="0"/>
  <testcase classname="org.apache.commons.lang3.ValidateTest" name="testNotBlankBlankStringWithWhitespacesShouldThrow" time="0.001"/>
  <testcase classname="org.apache.commons.lang3.ValidateTest" name="testConstructor" time="0"/>
  <testcase classname="org.apache.commons.lang3.ValidateTest" name="testIsInstanceOf_withMessage" time="0"/>
  <testcase classname="org.apache.commons.lang3.ValidateTest" name="testNoNullElementsArray1" time="0"/>
  <testcase classname="org.apache.commons.lang3.ValidateTest" name="testNoNullElementsArray2" time="0"/>
</testsuite>