<?xml version="1.0" encoding="UTF-8" ?>
<testsuite tests="29" failures="0" name="org.apache.commons.lang3.time.FastDateFormat_ParserTest" time="38.37" errors="0" skipped="0">
  <properties>
    <property name="java.runtime.name" value="OpenJDK Runtime Environment"/>
    <property name="java.vm.version" value="11.0.26+4-post-Ubuntu-1ubuntu122.04"/>
    <property name="sun.boot.library.path" value="/usr/lib/jvm/java-11-openjdk-amd64/lib"/>
    <property name="maven.multiModuleProjectDirectory" value="/home/daniel/SOEN-345-Project/Lang/Lang_3b"/>
    <property name="java.vm.vendor" value="Ubuntu"/>
    <property name="java.vendor.url" value="https://ubuntu.com/"/>
    <property name="guice.disable.misplaced.annotation.check" value="true"/>
    <property name="path.separator" value=":"/>
    <property name="java.vm.name" value="OpenJDK 64-Bit Server VM"/>
    <property name="sun.os.patch.level" value="unknown"/>
    <property name="sun.java.launcher" value="SUN_STANDARD"/>
    <property name="java.vm.specification.name" value="Java Virtual Machine Specification"/>
    <property name="user.dir" value="/home/daniel/SOEN-345-Project/Lang/Lang_3b"/>
    <property name="java.vm.compressedOopsMode" value="32-bit"/>
    <property name="java.runtime.version" value="11.0.26+4-post-Ubuntu-1ubuntu122.04"/>
    <property name="java.awt.graphicsenv" value="sun.awt.X11GraphicsEnvironment"/>
    <property name="os.arch" value="amd64"/>
    <property name="java.io.tmpdir" value="/tmp"/>
    <property name="line.separator" value="
"/>
    <property name="java.vm.specification.vendor" value="Oracle Corporation"/>
    <property name="os.name" value="Linux"/>
    <property name="classworlds.conf" value="/mnt/c/Program Files/Maven/apache-maven-3.9.9/bin/m2.conf"/>
    <property name="sun.jnu.encoding" value="UTF-8"/>
    <property name="java.library.path" value="/usr/java/packages/lib:/usr/lib/x86_64-linux-gnu/jni:/lib/x86_64-linux-gnu:/usr/lib/x86_64-linux-gnu:/usr/lib/jni:/lib:/usr/lib"/>
    <property name="maven.conf" value="/mnt/c/Program Files/Maven/apache-maven-3.9.9/conf"/>
    <property name="jdk.debug" value="release"/>
    <property name="java.class.version" value="55.0"/>
    <property name="java.specification.name" value="Java Platform API Specification"/>
    <property name="sun.management.compiler" value="HotSpot 64-Bit Tiered Compilers"/>
    <property name="os.version" value="5.15.167.4-microsoft-standard-WSL2"/>
    <property name="library.jansi.path" value="/mnt/c/Program Files/Maven/apache-maven-3.9.9/lib/jansi-native"/>
    <property name="user.home" value="/home/daniel"/>
    <property name="user.timezone" value="America/Toronto"/>
    <property name="java.awt.printerjob" value="sun.print.PSPrinterJob"/>
    <property name="file.encoding" value="UTF-8"/>
    <property name="java.specification.version" value="11"/>
    <property name="user.name" value="daniel"/>
    <property name="java.class.path" value="/mnt/c/Program Files/Maven/apache-maven-3.9.9/boot/plexus-classworlds-2.8.0.jar"/>
    <property name="java.vm.specification.version" value="11"/>
    <property name="sun.arch.data.model" value="64"/>
    <property name="sun.java.command" value="org.codehaus.plexus.classworlds.launcher.Launcher clean verify"/>
    <property name="java.home" value="/usr/lib/jvm/java-11-openjdk-amd64"/>
    <property name="user.language" value="en"/>
    <property name="java.specification.vendor" value="Oracle Corporation"/>
    <property name="awt.toolkit" value="sun.awt.X11.XToolkit"/>
    <property name="java.vm.info" value="mixed mode, sharing"/>
    <property name="java.version" value="11.0.26"/>
    <property name="java.vendor" value="Ubuntu"/>
    <property name="java.specification.maintenance.version" value="3"/>
    <property name="maven.home" value="/mnt/c/Program Files/Maven/apache-maven-3.9.9"/>
    <property name="file.separator" value="/"/>
    <property name="java.version.date" value="2025-01-21"/>
    <property name="java.vendor.url.bug" value="https://bugs.launchpad.net/ubuntu/+source/openjdk-lts"/>
    <property name="sun.io.unicode.encoding" value="UnicodeLittle"/>
    <property name="sun.cpu.endian" value="little"/>
    <property name="sun.cpu.isalist" value=""/>
  </properties>
  <testcase classname="org.apache.commons.lang3.time.FastDateFormat_ParserTest" name="testSpecialCharacters" time="0.038"/>
  <testcase classname="org.apache.commons.lang3.time.FastDateFormat_ParserTest" name="testShortDateStyleWithLocales" time="0.016"/>
  <testcase classname="org.apache.commons.lang3.time.FastDateFormat_ParserTest" name="testMilleniumBug" time="0.001"/>
  <testcase classname="org.apache.commons.lang3.time.FastDateFormat_ParserTest" name="testLocaleMatches" time="0.182"/>
  <testcase classname="org.apache.commons.lang3.time.FastDateFormat_ParserTest" name="testDayOf" time="0.001"/>
  <testcase classname="org.apache.commons.lang3.time.FastDateFormat_ParserTest" name="testParseZone" time="0"/>
  <testcase classname="org.apache.commons.lang3.time.FastDateFormat_ParserTest" name="testAmPm" time="0.008"/>
  <testcase classname="org.apache.commons.lang3.time.FastDateFormat_ParserTest" name="testLowYearPadding" time="0"/>
  <testcase classname="org.apache.commons.lang3.time.FastDateFormat_ParserTest" name="testLocales_Long_AD" time="34.805"/>
  <testcase classname="org.apache.commons.lang3.time.FastDateFormat_ParserTest" name="testLocales_Long_BC" time="0.092"/>
  <testcase classname="org.apache.commons.lang3.time.FastDateFormat_ParserTest" name="testParseNumerics" time="0.002"/>
  <testcase classname="org.apache.commons.lang3.time.FastDateFormat_ParserTest" name="testLang303" time="0.018"/>
  <testcase classname="org.apache.commons.lang3.time.FastDateFormat_ParserTest" name="testLang538" time="0.002"/>
  <testcase classname="org.apache.commons.lang3.time.FastDateFormat_ParserTest" name="testToStringContainsName" time="0.001"/>
  <testcase classname="org.apache.commons.lang3.time.FastDateFormat_ParserTest" name="testLANG_831" time="0.004"/>
  <testcase classname="org.apache.commons.lang3.time.FastDateFormat_ParserTest" name="testLANG_832" time="0.002"/>
  <testcase classname="org.apache.commons.lang3.time.FastDateFormat_ParserTest" name="test_Equality_Hash" time="0.005"/>
  <testcase classname="org.apache.commons.lang3.time.FastDateFormat_ParserTest" name="testLocales_ShortNoEra_AD" time="0.383"/>
  <testcase classname="org.apache.commons.lang3.time.FastDateFormat_ParserTest" name="testLocales_ShortNoEra_BC" time="0.121"/>
  <testcase classname="org.apache.commons.lang3.time.FastDateFormat_ParserTest" name="testParseLongShort" time="0.002"/>
  <testcase classname="org.apache.commons.lang3.time.FastDateFormat_ParserTest" name="testLocales_LongNoEra_AD" time="0.358"/>
  <testcase classname="org.apache.commons.lang3.time.FastDateFormat_ParserTest" name="testLocales_LongNoEra_BC" time="0.059"/>
  <testcase classname="org.apache.commons.lang3.time.FastDateFormat_ParserTest" name="testLocales_Short_AD" time="0.428"/>
  <testcase classname="org.apache.commons.lang3.time.FastDateFormat_ParserTest" name="testLocales_Short_BC" time="0.053"/>
  <testcase classname="org.apache.commons.lang3.time.FastDateFormat_ParserTest" name="testEquals" time="0.001"/>
  <testcase classname="org.apache.commons.lang3.time.FastDateFormat_ParserTest" name="testParses" time="1.785"/>
  <testcase classname="org.apache.commons.lang3.time.FastDateFormat_ParserTest" name="testQuotes" time="0"/>
  <testcase classname="org.apache.commons.lang3.time.FastDateFormat_ParserTest" name="testTimeZoneMatches" time="0.002"/>
  <testcase classname="org.apache.commons.lang3.time.FastDateFormat_ParserTest" name="testPatternMatches" time="0.001"/>
</testsuite>