<?xml version="1.0" encoding="UTF-8" ?>
<testsuite tests="55" failures="0" name="org.apache.commons.lang3.ArrayUtilsRemoveMultipleTest" time="0.007" errors="0" skipped="0">
  <properties>
    <property name="java.runtime.name" value="OpenJDK Runtime Environment"/>
    <property name="java.vm.version" value="11.0.26+4-post-Ubuntu-1ubuntu122.04"/>
    <property name="sun.boot.library.path" value="/usr/lib/jvm/java-11-openjdk-amd64/lib"/>
    <property name="maven.multiModuleProjectDirectory" value="/home/daniel/SOEN-345-Project/Lang/Lang_3b"/>
    <property name="java.vm.vendor" value="Ubuntu"/>
    <property name="java.vendor.url" value="https://ubuntu.com/"/>
    <property name="guice.disable.misplaced.annotation.check" value="true"/>
    <property name="path.separator" value=":"/>
    <property name="java.vm.name" value="OpenJDK 64-Bit Server VM"/>
    <property name="sun.os.patch.level" value="unknown"/>
    <property name="sun.java.launcher" value="SUN_STANDARD"/>
    <property name="java.vm.specification.name" value="Java Virtual Machine Specification"/>
    <property name="user.dir" value="/home/daniel/SOEN-345-Project/Lang/Lang_3b"/>
    <property name="java.vm.compressedOopsMode" value="32-bit"/>
    <property name="java.runtime.version" value="11.0.26+4-post-Ubuntu-1ubuntu122.04"/>
    <property name="java.awt.graphicsenv" value="sun.awt.X11GraphicsEnvironment"/>
    <property name="os.arch" value="amd64"/>
    <property name="java.io.tmpdir" value="/tmp"/>
    <property name="line.separator" value="
"/>
    <property name="java.vm.specification.vendor" value="Oracle Corporation"/>
    <property name="os.name" value="Linux"/>
    <property name="classworlds.conf" value="/mnt/c/Program Files/Maven/apache-maven-3.9.9/bin/m2.conf"/>
    <property name="sun.jnu.encoding" value="UTF-8"/>
    <property name="java.library.path" value="/usr/java/packages/lib:/usr/lib/x86_64-linux-gnu/jni:/lib/x86_64-linux-gnu:/usr/lib/x86_64-linux-gnu:/usr/lib/jni:/lib:/usr/lib"/>
    <property name="maven.conf" value="/mnt/c/Program Files/Maven/apache-maven-3.9.9/conf"/>
    <property name="jdk.debug" value="release"/>
    <property name="java.class.version" value="55.0"/>
    <property name="java.specification.name" value="Java Platform API Specification"/>
    <property name="sun.management.compiler" value="HotSpot 64-Bit Tiered Compilers"/>
    <property name="os.version" value="5.15.167.4-microsoft-standard-WSL2"/>
    <property name="library.jansi.path" value="/mnt/c/Program Files/Maven/apache-maven-3.9.9/lib/jansi-native"/>
    <property name="user.home" value="/home/daniel"/>
    <property name="user.timezone" value="America/Toronto"/>
    <property name="java.awt.printerjob" value="sun.print.PSPrinterJob"/>
    <property name="file.encoding" value="UTF-8"/>
    <property name="java.specification.version" value="11"/>
    <property name="user.name" value="daniel"/>
    <property name="java.class.path" value="/mnt/c/Program Files/Maven/apache-maven-3.9.9/boot/plexus-classworlds-2.8.0.jar"/>
    <property name="java.vm.specification.version" value="11"/>
    <property name="sun.arch.data.model" value="64"/>
    <property name="sun.java.command" value="org.codehaus.plexus.classworlds.launcher.Launcher clean verify"/>
    <property name="java.home" value="/usr/lib/jvm/java-11-openjdk-amd64"/>
    <property name="user.language" value="en"/>
    <property name="java.specification.vendor" value="Oracle Corporation"/>
    <property name="awt.toolkit" value="sun.awt.X11.XToolkit"/>
    <property name="java.vm.info" value="mixed mode, sharing"/>
    <property name="java.version" value="11.0.26"/>
    <property name="java.vendor" value="Ubuntu"/>
    <property name="java.specification.maintenance.version" value="3"/>
    <property name="maven.home" value="/mnt/c/Program Files/Maven/apache-maven-3.9.9"/>
    <property name="file.separator" value="/"/>
    <property name="java.version.date" value="2025-01-21"/>
    <property name="java.vendor.url.bug" value="https://bugs.launchpad.net/ubuntu/+source/openjdk-lts"/>
    <property name="sun.io.unicode.encoding" value="UnicodeLittle"/>
    <property name="sun.cpu.endian" value="little"/>
    <property name="sun.cpu.isalist" value=""/>
  </properties>
  <testcase classname="org.apache.commons.lang3.ArrayUtilsRemoveMultipleTest" name="testRemoveAllBooleanArray" time="0.001"/>
  <testcase classname="org.apache.commons.lang3.ArrayUtilsRemoveMultipleTest" name="testRemoveAllNullShortArray" time="0.002"/>
  <testcase classname="org.apache.commons.lang3.ArrayUtilsRemoveMultipleTest" name="testRemoveElementsObjectArray" time="0"/>
  <testcase classname="org.apache.commons.lang3.ArrayUtilsRemoveMultipleTest" name="testRemoveAllFloatArrayNegativeIndex" time="0"/>
  <testcase classname="org.apache.commons.lang3.ArrayUtilsRemoveMultipleTest" name="testRemoveAllByteArrayRemoveNone" time="0.003"/>
  <testcase classname="org.apache.commons.lang3.ArrayUtilsRemoveMultipleTest" name="testRemoveAllIntArrayRemoveNone" time="0"/>
  <testcase classname="org.apache.commons.lang3.ArrayUtilsRemoveMultipleTest" name="testRemoveAllLongArrayOutOfBoundsIndex" time="0"/>
  <testcase classname="org.apache.commons.lang3.ArrayUtilsRemoveMultipleTest" name="testRemoveAllShortArrayNegativeIndex" time="0"/>
  <testcase classname="org.apache.commons.lang3.ArrayUtilsRemoveMultipleTest" name="testRemoveAllObjectArrayOutOfBoundsIndex" time="0"/>
  <testcase classname="org.apache.commons.lang3.ArrayUtilsRemoveMultipleTest" name="testRemoveAllDoubleArrayRemoveNone" time="0"/>
  <testcase classname="org.apache.commons.lang3.ArrayUtilsRemoveMultipleTest" name="testRemoveAllNullByteArray" time="0"/>
  <testcase classname="org.apache.commons.lang3.ArrayUtilsRemoveMultipleTest" name="testRemoveElementLongArray" time="0"/>
  <testcase classname="org.apache.commons.lang3.ArrayUtilsRemoveMultipleTest" name="testRemoveAllNullDoubleArray" time="0"/>
  <testcase classname="org.apache.commons.lang3.ArrayUtilsRemoveMultipleTest" name="testRemoveAllDoubleArrayOutOfBoundsIndex" time="0"/>
  <testcase classname="org.apache.commons.lang3.ArrayUtilsRemoveMultipleTest" name="testRemoveAllNullObjectArray" time="0"/>
  <testcase classname="org.apache.commons.lang3.ArrayUtilsRemoveMultipleTest" name="testRemoveAllCharArrayRemoveNone" time="0"/>
  <testcase classname="org.apache.commons.lang3.ArrayUtilsRemoveMultipleTest" name="testRemoveAllLongArrayRemoveNone" time="0"/>
  <testcase classname="org.apache.commons.lang3.ArrayUtilsRemoveMultipleTest" name="testRemoveAllObjectArrayNegativeIndex" time="0"/>
  <testcase classname="org.apache.commons.lang3.ArrayUtilsRemoveMultipleTest" name="testRemoveAllShortArrayOutOfBoundsIndex" time="0"/>
  <testcase classname="org.apache.commons.lang3.ArrayUtilsRemoveMultipleTest" name="testRemoveElementBooleanArray" time="0"/>
  <testcase classname="org.apache.commons.lang3.ArrayUtilsRemoveMultipleTest" name="testRemoveAllShortArrayRemoveNone" time="0"/>
  <testcase classname="org.apache.commons.lang3.ArrayUtilsRemoveMultipleTest" name="testRemoveAllNumberArray" time="0"/>
  <testcase classname="org.apache.commons.lang3.ArrayUtilsRemoveMultipleTest" name="testRemoveAllCharArray" time="0"/>
  <testcase classname="org.apache.commons.lang3.ArrayUtilsRemoveMultipleTest" name="testRemoveAllFloatArrayOutOfBoundsIndex" time="0"/>
  <testcase classname="org.apache.commons.lang3.ArrayUtilsRemoveMultipleTest" name="testRemoveAllShortArray" time="0"/>
  <testcase classname="org.apache.commons.lang3.ArrayUtilsRemoveMultipleTest" name="testRemoveAllNullBooleanArray" time="0"/>
  <testcase classname="org.apache.commons.lang3.ArrayUtilsRemoveMultipleTest" name="testRemoveAllNullIntArray" time="0"/>
  <testcase classname="org.apache.commons.lang3.ArrayUtilsRemoveMultipleTest" name="testRemoveElementFloatArray" time="0"/>
  <testcase classname="org.apache.commons.lang3.ArrayUtilsRemoveMultipleTest" name="testRemoveAllFloatArrayRemoveNone" time="0"/>
  <testcase classname="org.apache.commons.lang3.ArrayUtilsRemoveMultipleTest" name="testRemoveElementIntArray" time="0"/>
  <testcase classname="org.apache.commons.lang3.ArrayUtilsRemoveMultipleTest" name="testRemoveAllNullFloatArray" time="0"/>
  <testcase classname="org.apache.commons.lang3.ArrayUtilsRemoveMultipleTest" name="testRemoveAllBooleanArrayOutOfBoundsIndex" time="0"/>
  <testcase classname="org.apache.commons.lang3.ArrayUtilsRemoveMultipleTest" name="testRemoveAllByteArrayOutOfBoundsIndex" time="0"/>
  <testcase classname="org.apache.commons.lang3.ArrayUtilsRemoveMultipleTest" name="testRemoveAllByteArray" time="0"/>
  <testcase classname="org.apache.commons.lang3.ArrayUtilsRemoveMultipleTest" name="testRemoveElementCharArray" time="0"/>
  <testcase classname="org.apache.commons.lang3.ArrayUtilsRemoveMultipleTest" name="testRemoveAllCharArrayOutOfBoundsIndex" time="0"/>
  <testcase classname="org.apache.commons.lang3.ArrayUtilsRemoveMultipleTest" name="testRemoveAllLongArrayNegativeIndex" time="0"/>
  <testcase classname="org.apache.commons.lang3.ArrayUtilsRemoveMultipleTest" name="testRemoveAllCharArrayNegativeIndex" time="0"/>
  <testcase classname="org.apache.commons.lang3.ArrayUtilsRemoveMultipleTest" name="testRemoveAllIntArray" time="0"/>
  <testcase classname="org.apache.commons.lang3.ArrayUtilsRemoveMultipleTest" name="testRemoveAllByteArrayNegativeIndex" time="0"/>
  <testcase classname="org.apache.commons.lang3.ArrayUtilsRemoveMultipleTest" name="testRemoveAllNullLongArray" time="0"/>
  <testcase classname="org.apache.commons.lang3.ArrayUtilsRemoveMultipleTest" name="testRemoveAllIntArrayOutOfBoundsIndex" time="0"/>
  <testcase classname="org.apache.commons.lang3.ArrayUtilsRemoveMultipleTest" name="testRemoveElementByteArray" time="0"/>
  <testcase classname="org.apache.commons.lang3.ArrayUtilsRemoveMultipleTest" name="testRemoveAllBooleanArrayNegativeIndex" time="0"/>
  <testcase classname="org.apache.commons.lang3.ArrayUtilsRemoveMultipleTest" name="testRemoveAllObjectArrayRemoveNone" time="0"/>
  <testcase classname="org.apache.commons.lang3.ArrayUtilsRemoveMultipleTest" name="testRemoveAllDoubleArray" time="0"/>
  <testcase classname="org.apache.commons.lang3.ArrayUtilsRemoveMultipleTest" name="testRemoveAllBooleanArrayRemoveNone" time="0"/>
  <testcase classname="org.apache.commons.lang3.ArrayUtilsRemoveMultipleTest" name="testRemoveAllFloatArray" time="0"/>
  <testcase classname="org.apache.commons.lang3.ArrayUtilsRemoveMultipleTest" name="testRemoveAllObjectArray" time="0"/>
  <testcase classname="org.apache.commons.lang3.ArrayUtilsRemoveMultipleTest" name="testRemoveAllIntArrayNegativeIndex" time="0"/>
  <testcase classname="org.apache.commons.lang3.ArrayUtilsRemoveMultipleTest" name="testRemoveAllDoubleArrayNegativeIndex" time="0"/>
  <testcase classname="org.apache.commons.lang3.ArrayUtilsRemoveMultipleTest" name="testRemoveElementDoubleArray" time="0.001"/>
  <testcase classname="org.apache.commons.lang3.ArrayUtilsRemoveMultipleTest" name="testRemoveAllNullCharArray" time="0"/>
  <testcase classname="org.apache.commons.lang3.ArrayUtilsRemoveMultipleTest" name="testRemoveElementShortArray" time="0"/>
  <testcase classname="org.apache.commons.lang3.ArrayUtilsRemoveMultipleTest" name="testRemoveAllLongArray" time="0"/>
</testsuite>