<?xml version="1.0" encoding="UTF-8" ?>
<testsuite tests="54" failures="0" name="org.apache.commons.lang3.ValidateTest" time="0.043" errors="0" skipped="0">
  <properties>
    <property name="java.runtime.name" value="OpenJDK Runtime Environment"/>
    <property name="java.vm.version" value="11.0.26+4-post-Ubuntu-1ubuntu122.04"/>
    <property name="sun.boot.library.path" value="/usr/lib/jvm/java-11-openjdk-amd64/lib"/>
    <property name="maven.multiModuleProjectDirectory" value="/home/daniel/SOEN-345-Project/Lang/Lang_3b"/>
    <property name="java.vm.vendor" value="Ubuntu"/>
    <property name="java.vendor.url" value="https://ubuntu.com/"/>
    <property name="guice.disable.misplaced.annotation.check" value="true"/>
    <property name="path.separator" value=":"/>
    <property name="java.vm.name" value="OpenJDK 64-Bit Server VM"/>
    <property name="sun.os.patch.level" value="unknown"/>
    <property name="sun.java.launcher" value="SUN_STANDARD"/>
    <property name="java.vm.specification.name" value="Java Virtual Machine Specification"/>
    <property name="user.dir" value="/home/daniel/SOEN-345-Project/Lang/Lang_3b"/>
    <property name="java.vm.compressedOopsMode" value="32-bit"/>
    <property name="java.runtime.version" value="11.0.26+4-post-Ubuntu-1ubuntu122.04"/>
    <property name="java.awt.graphicsenv" value="sun.awt.X11GraphicsEnvironment"/>
    <property name="os.arch" value="amd64"/>
    <property name="java.io.tmpdir" value="/tmp"/>
    <property name="line.separator" value="
"/>
    <property name="java.vm.specification.vendor" value="Oracle Corporation"/>
    <property name="os.name" value="Linux"/>
    <property name="classworlds.conf" value="/mnt/c/Program Files/Maven/apache-maven-3.9.9/bin/m2.conf"/>
    <property name="sun.jnu.encoding" value="UTF-8"/>
    <property name="java.library.path" value="/usr/java/packages/lib:/usr/lib/x86_64-linux-gnu/jni:/lib/x86_64-linux-gnu:/usr/lib/x86_64-linux-gnu:/usr/lib/jni:/lib:/usr/lib"/>
    <property name="maven.conf" value="/mnt/c/Program Files/Maven/apache-maven-3.9.9/conf"/>
    <property name="jdk.debug" value="release"/>
    <property name="java.class.version" value="55.0"/>
    <property name="java.specification.name" value="Java Platform API Specification"/>
    <property name="sun.management.compiler" value="HotSpot 64-Bit Tiered Compilers"/>
    <property name="os.version" value="5.15.167.4-microsoft-standard-WSL2"/>
    <property name="library.jansi.path" value="/mnt/c/Program Files/Maven/apache-maven-3.9.9/lib/jansi-native"/>
    <property name="user.home" value="/home/daniel"/>
    <property name="user.timezone" value="America/Toronto"/>
    <property name="java.awt.printerjob" value="sun.print.PSPrinterJob"/>
    <property name="file.encoding" value="UTF-8"/>
    <property name="java.specification.version" value="11"/>
    <property name="user.name" value="daniel"/>
    <property name="java.class.path" value="/mnt/c/Program Files/Maven/apache-maven-3.9.9/boot/plexus-classworlds-2.8.0.jar"/>
    <property name="java.vm.specification.version" value="11"/>
    <property name="sun.arch.data.model" value="64"/>
    <property name="sun.java.command" value="org.codehaus.plexus.classworlds.launcher.Launcher clean verify"/>
    <property name="java.home" value="/usr/lib/jvm/java-11-openjdk-amd64"/>
    <property name="user.language" value="en"/>
    <property name="java.specification.vendor" value="Oracle Corporation"/>
    <property name="awt.toolkit" value="sun.awt.X11.XToolkit"/>
    <property name="java.vm.info" value="mixed mode, sharing"/>
    <property name="java.version" value="11.0.26"/>
    <property name="java.vendor" value="Ubuntu"/>
    <property name="java.specification.maintenance.version" value="3"/>
    <property name="maven.home" value="/mnt/c/Program Files/Maven/apache-maven-3.9.9"/>
    <property name="file.separator" value="/"/>
    <property name="java.version.date" value="2025-01-21"/>
    <property name="java.vendor.url.bug" value="https://bugs.launchpad.net/ubuntu/+source/openjdk-lts"/>
    <property name="sun.io.unicode.encoding" value="UnicodeLittle"/>
    <property name="sun.cpu.endian" value="little"/>
    <property name="sun.cpu.isalist" value=""/>
  </properties>
  <testcase classname="org.apache.commons.lang3.ValidateTest" name="testNotBlankNotBlankStringWithNewlinesShouldNotThrow" time="0"/>
  <testcase classname="org.apache.commons.lang3.ValidateTest" name="testNotNull1" time="0"/>
  <testcase classname="org.apache.commons.lang3.ValidateTest" name="testNotNull2" time="0"/>
  <testcase classname="org.apache.commons.lang3.ValidateTest" name="testNotBlankNullStringShouldThrow" time="0"/>
  <testcase classname="org.apache.commons.lang3.ValidateTest" name="testNotBlankMsgEmptyStringShouldThrow" time="0"/>
  <testcase classname="org.apache.commons.lang3.ValidateTest" name="testIsAssignableExceptionMessage" time="0.001"/>
  <testcase classname="org.apache.commons.lang3.ValidateTest" name="testValidIndex_array" time="0"/>
  <testcase classname="org.apache.commons.lang3.ValidateTest" name="testNotBlankMsgBlankStringShouldThrow" time="0"/>
  <testcase classname="org.apache.commons.lang3.ValidateTest" name="testValidIndex_charSequence" time="0"/>
  <testcase classname="org.apache.commons.lang3.ValidateTest" name="testValidIndex_withMessage_collection" time="0"/>
  <testcase classname="org.apache.commons.lang3.ValidateTest" name="testNotBlankReturnValues1" time="0"/>
  <testcase classname="org.apache.commons.lang3.ValidateTest" name="testNotBlankReturnValues2" time="0"/>
  <testcase classname="org.apache.commons.lang3.ValidateTest" name="testInclusiveBetween_withMessage" time="0"/>
  <testcase classname="org.apache.commons.lang3.ValidateTest" name="testMatchesPattern" time="0"/>
  <testcase classname="org.apache.commons.lang3.ValidateTest" name="testNotEmptyMap1" time="0"/>
  <testcase classname="org.apache.commons.lang3.ValidateTest" name="testNotEmptyMap2" time="0"/>
  <testcase classname="org.apache.commons.lang3.ValidateTest" name="testIsInstanceOf" time="0"/>
  <testcase classname="org.apache.commons.lang3.ValidateTest" name="testValidIndex_withMessage_charSequence" time="0"/>
  <testcase classname="org.apache.commons.lang3.ValidateTest" name="testNotBlankBlankStringWithNewlinesShouldThrow" time="0"/>
  <testcase classname="org.apache.commons.lang3.ValidateTest" name="testNotBlankMsgNotBlankStringWithWhitespacesShouldNotThrow" time="0"/>
  <testcase classname="org.apache.commons.lang3.ValidateTest" name="testNotBlankNotBlankStringShouldNotThrow" time="0"/>
  <testcase classname="org.apache.commons.lang3.ValidateTest" name="testIsAssignable" time="0.015"/>
  <testcase classname="org.apache.commons.lang3.ValidateTest" name="testNotBlankMsgNotBlankStringShouldNotThrow" time="0"/>
  <testcase classname="org.apache.commons.lang3.ValidateTest" name="testValidIndex_withMessage_array" time="0.001"/>
  <testcase classname="org.apache.commons.lang3.ValidateTest" name="testNoNullElementsCollection1" time="0.001"/>
  <testcase classname="org.apache.commons.lang3.ValidateTest" name="testNoNullElementsCollection2" time="0.001"/>
  <testcase classname="org.apache.commons.lang3.ValidateTest" name="testExclusiveBetween" time="0.001"/>
  <testcase classname="org.apache.commons.lang3.ValidateTest" name="testInclusiveBetween" time="0.003"/>
  <testcase classname="org.apache.commons.lang3.ValidateTest" name="testNotBlankEmptyStringShouldThrow" time="0"/>
  <testcase classname="org.apache.commons.lang3.ValidateTest" name="testNotBlankMsgNullStringShouldThrow" time="0"/>
  <testcase classname="org.apache.commons.lang3.ValidateTest" name="testNotBlankMsgNotBlankStringWithNewlinesShouldNotThrow" time="0"/>
  <testcase classname="org.apache.commons.lang3.ValidateTest" name="testIsAssignable_withMessage" time="0"/>
  <testcase classname="org.apache.commons.lang3.ValidateTest" name="testNotEmptyString1" time="0"/>
  <testcase classname="org.apache.commons.lang3.ValidateTest" name="testNotEmptyString2" time="0"/>
  <testcase classname="org.apache.commons.lang3.ValidateTest" name="testNotEmptyCollection1" time="0"/>
  <testcase classname="org.apache.commons.lang3.ValidateTest" name="testNotEmptyCollection2" time="0"/>
  <testcase classname="org.apache.commons.lang3.ValidateTest" name="testNotBlankMsgBlankStringWithWhitespacesShouldThrow" time="0"/>
  <testcase classname="org.apache.commons.lang3.ValidateTest" name="testNotEmptyArray1" time="0"/>
  <testcase classname="org.apache.commons.lang3.ValidateTest" name="testNotEmptyArray2" time="0"/>
  <testcase classname="org.apache.commons.lang3.ValidateTest" name="testValidIndex_collection" time="0"/>
  <testcase classname="org.apache.commons.lang3.ValidateTest" name="testMatchesPattern_withMessage" time="0"/>
  <testcase classname="org.apache.commons.lang3.ValidateTest" name="testNotBlankNotBlankStringWithWhitespacesShouldNotThrow" time="0.001"/>
  <testcase classname="org.apache.commons.lang3.ValidateTest" name="testIsInstanceOfExceptionMessage" time="0.011"/>
  <testcase classname="org.apache.commons.lang3.ValidateTest" name="testIsTrue1" time="0"/>
  <testcase classname="org.apache.commons.lang3.ValidateTest" name="testIsTrue2" time="0"/>
  <testcase classname="org.apache.commons.lang3.ValidateTest" name="testIsTrue3" time="0"/>
  <testcase classname="org.apache.commons.lang3.ValidateTest" name="testIsTrue4" time="0"/>
  <testcase classname="org.apache.commons.lang3.ValidateTest" name="testIsTrue5" time="0"/>
  <testcase classname="org.apache.commons.lang3.ValidateTest" name="testExclusiveBetween_withMessage" time="0"/>
  <testcase classname="org.apache.commons.lang3.ValidateTest" name="testNotBlankBlankStringWithWhitespacesShouldThrow" time="0.008"/>
  <testcase classname="org.apache.commons.lang3.ValidateTest" name="testConstructor" time="0"/>
  <testcase classname="org.apache.commons.lang3.ValidateTest" name="testIsInstanceOf_withMessage" time="0"/>
  <testcase classname="org.apache.commons.lang3.ValidateTest" name="testNoNullElementsArray1" time="0"/>
  <testcase classname="org.apache.commons.lang3.ValidateTest" name="testNoNullElementsArray2" time="0"/>
</testsuite>