<?xml version="1.0" encoding="UTF-8" ?>
<testsuite tests="51" failures="0" name="org.apache.commons.lang3.ClassUtilsTest" time="0.025" errors="0" skipped="0">
  <properties>
    <property name="java.runtime.name" value="OpenJDK Runtime Environment"/>
    <property name="java.vm.version" value="11.0.20+8-LTS"/>
    <property name="sun.boot.library.path" value="/Users/shanv/.sdkman/candidates/java/11.0.20-zulu/zulu-11.jdk/Contents/Home/lib"/>
    <property name="gopherProxySet" value="false"/>
    <property name="jdk.vendor.version" value="Zulu11.66+15-CA"/>
    <property name="maven.multiModuleProjectDirectory" value="/Users/shanv/Desktop/Github Repos/SOEN-345-Project/Lang/Lang_3b"/>
    <property name="java.vm.vendor" value="Azul Systems, Inc."/>
    <property name="java.vendor.url" value="http://www.azul.com/"/>
    <property name="guice.disable.misplaced.annotation.check" value="true"/>
    <property name="path.separator" value=":"/>
    <property name="java.vm.name" value="OpenJDK 64-Bit Server VM"/>
    <property name="sun.os.patch.level" value="unknown"/>
    <property name="user.country" value="CA"/>
    <property name="sun.java.launcher" value="SUN_STANDARD"/>
    <property name="java.vm.specification.name" value="Java Virtual Machine Specification"/>
    <property name="user.dir" value="/Users/shanv/Desktop/Github Repos/SOEN-345-Project/Lang/Lang_3b"/>
    <property name="java.vm.compressedOopsMode" value="Zero based"/>
    <property name="java.runtime.version" value="11.0.20+8-LTS"/>
    <property name="java.awt.graphicsenv" value="sun.awt.CGraphicsEnvironment"/>
    <property name="os.arch" value="aarch64"/>
    <property name="java.io.tmpdir" value="/var/folders/98/1z4vmp_9007d_k7p53bjpsk40000gn/T/"/>
    <property name="line.separator" value="
"/>
    <property name="java.vm.specification.vendor" value="Oracle Corporation"/>
    <property name="os.name" value="Mac OS X"/>
    <property name="classworlds.conf" value="/opt/homebrew/Cellar/maven/3.9.9/libexec/bin/m2.conf"/>
    <property name="sun.jnu.encoding" value="UTF-8"/>
    <property name="java.library.path" value="/Users/shanv/Library/Java/Extensions:/Library/Java/Extensions:/Network/Library/Java/Extensions:/System/Library/Java/Extensions:/usr/lib/java:."/>
    <property name="maven.conf" value="/opt/homebrew/Cellar/maven/3.9.9/libexec/conf"/>
    <property name="jdk.debug" value="release"/>
    <property name="java.class.version" value="55.0"/>
    <property name="java.specification.name" value="Java Platform API Specification"/>
    <property name="sun.management.compiler" value="HotSpot 64-Bit Tiered Compilers"/>
    <property name="os.version" value="13.2.1"/>
    <property name="library.jansi.path" value="/opt/homebrew/Cellar/maven/3.9.9/libexec/lib/jansi-native"/>
    <property name="http.nonProxyHosts" value="local|*.local|169.254/16|*.169.254/16"/>
    <property name="user.home" value="/Users/shanv"/>
    <property name="user.timezone" value="America/Toronto"/>
    <property name="java.awt.printerjob" value="sun.lwawt.macosx.CPrinterJob"/>
    <property name="file.encoding" value="UTF-8"/>
    <property name="java.specification.version" value="11"/>
    <property name="user.name" value="shanv"/>
    <property name="java.class.path" value="/opt/homebrew/Cellar/maven/3.9.9/libexec/boot/plexus-classworlds-2.8.0.jar"/>
    <property name="java.vm.specification.version" value="11"/>
    <property name="sun.arch.data.model" value="64"/>
    <property name="sun.java.command" value="org.codehaus.plexus.classworlds.launcher.Launcher clean install"/>
    <property name="java.home" value="/Users/shanv/.sdkman/candidates/java/11.0.20-zulu/zulu-11.jdk/Contents/Home"/>
    <property name="user.language" value="en"/>
    <property name="java.specification.vendor" value="Oracle Corporation"/>
    <property name="awt.toolkit" value="sun.lwawt.macosx.LWCToolkit"/>
    <property name="java.vm.info" value="mixed mode"/>
    <property name="java.version" value="11.0.20"/>
    <property name="java.vendor" value="Azul Systems, Inc."/>
    <property name="java.specification.maintenance.version" value="2"/>
    <property name="maven.home" value="/opt/homebrew/Cellar/maven/3.9.9/libexec"/>
    <property name="file.separator" value="/"/>
    <property name="java.version.date" value="2023-07-18"/>
    <property name="java.vendor.url.bug" value="http://www.azul.com/support/"/>
    <property name="sun.io.unicode.encoding" value="UnicodeBig"/>
    <property name="sun.cpu.endian" value="little"/>
    <property name="java.vendor.version" value="Zulu11.66+15-CA"/>
    <property name="socksNonProxyHosts" value="local|*.local|169.254/16|*.169.254/16"/>
    <property name="ftp.nonProxyHosts" value="local|*.local|169.254/16|*.169.254/16"/>
    <property name="sun.cpu.isalist" value=""/>
  </properties>
  <testcase classname="org.apache.commons.lang3.ClassUtilsTest" name="test_getShortClassName_Class" time="0.001"/>
  <testcase classname="org.apache.commons.lang3.ClassUtilsTest" name="test_isAssignable" time="0"/>
  <testcase classname="org.apache.commons.lang3.ClassUtilsTest" name="testShowJavaBug" time="0"/>
  <testcase classname="org.apache.commons.lang3.ClassUtilsTest" name="testToClass_object" time="0"/>
  <testcase classname="org.apache.commons.lang3.ClassUtilsTest" name="testGetClassByNormalNameArrays" time="0.001"/>
  <testcase classname="org.apache.commons.lang3.ClassUtilsTest" name="testGetInnerClass" time="0.001"/>
  <testcase classname="org.apache.commons.lang3.ClassUtilsTest" name="test_getAllSuperclasses_Class" time="0.002"/>
  <testcase classname="org.apache.commons.lang3.ClassUtilsTest" name="testPrimitiveToWrapper" time="0"/>
  <testcase classname="org.apache.commons.lang3.ClassUtilsTest" name="test_getPackageCanonicalName_Object" time="0.001"/>
  <testcase classname="org.apache.commons.lang3.ClassUtilsTest" name="test_isAssignable_Widening" time="0"/>
  <testcase classname="org.apache.commons.lang3.ClassUtilsTest" name="test_getPackageCanonicalName_String" time="0"/>
  <testcase classname="org.apache.commons.lang3.ClassUtilsTest" name="testGetClassWithArrayClasses" time="0.001"/>
  <testcase classname="org.apache.commons.lang3.ClassUtilsTest" name="test_getPackageCanonicalName_Class" time="0"/>
  <testcase classname="org.apache.commons.lang3.ClassUtilsTest" name="test_getShortClassName_Object" time="0.002"/>
  <testcase classname="org.apache.commons.lang3.ClassUtilsTest" name="test_getShortClassName_String" time="0"/>
  <testcase classname="org.apache.commons.lang3.ClassUtilsTest" name="testIsPrimitiveOrWrapper" time="0"/>
  <testcase classname="org.apache.commons.lang3.ClassUtilsTest" name="test_isAssignable_NoAutoboxing" time="0"/>
  <testcase classname="org.apache.commons.lang3.ClassUtilsTest" name="testWrapperToPrimitive" time="0"/>
  <testcase classname="org.apache.commons.lang3.ClassUtilsTest" name="testWrappersToPrimitives" time="0.001"/>
  <testcase classname="org.apache.commons.lang3.ClassUtilsTest" name="test_isAssignable_ClassArray_ClassArray_Autoboxing" time="0"/>
  <testcase classname="org.apache.commons.lang3.ClassUtilsTest" name="testGetClassWithArrayClasses2D" time="0"/>
  <testcase classname="org.apache.commons.lang3.ClassUtilsTest" name="test_getPackageName_Object" time="0"/>
  <testcase classname="org.apache.commons.lang3.ClassUtilsTest" name="test_getPackageName_String" time="0"/>
  <testcase classname="org.apache.commons.lang3.ClassUtilsTest" name="test_isAssignable_ClassArray_ClassArray_NoAutoboxing" time="0"/>
  <testcase classname="org.apache.commons.lang3.ClassUtilsTest" name="testWrapperToPrimitiveNull" time="0"/>
  <testcase classname="org.apache.commons.lang3.ClassUtilsTest" name="testGetClassByNormalNameArrays2D" time="0.001"/>
  <testcase classname="org.apache.commons.lang3.ClassUtilsTest" name="testIsPrimitiveWrapper" time="0"/>
  <testcase classname="org.apache.commons.lang3.ClassUtilsTest" name="testWithInterleavingWhitespace" time="0"/>
  <testcase classname="org.apache.commons.lang3.ClassUtilsTest" name="test_getPackageName_Class" time="0.001"/>
  <testcase classname="org.apache.commons.lang3.ClassUtilsTest" name="test_getShortCanonicalName_Object" time="0.004"/>
  <testcase classname="org.apache.commons.lang3.ClassUtilsTest" name="test_getShortCanonicalName_String" time="0"/>
  <testcase classname="org.apache.commons.lang3.ClassUtilsTest" name="test_getShortCanonicalName_Class" time="0.001"/>
  <testcase classname="org.apache.commons.lang3.ClassUtilsTest" name="test_isAssignable_DefaultUnboxing_Widening" time="0"/>
  <testcase classname="org.apache.commons.lang3.ClassUtilsTest" name="testGetClassRawPrimitives" time="0"/>
  <testcase classname="org.apache.commons.lang3.ClassUtilsTest" name="testGetClassInvalidArguments" time="0.004"/>
  <testcase classname="org.apache.commons.lang3.ClassUtilsTest" name="testPrimitivesToWrappers" time="0"/>
  <testcase classname="org.apache.commons.lang3.ClassUtilsTest" name="testGetClassClassNotFound" time="0.002"/>
  <testcase classname="org.apache.commons.lang3.ClassUtilsTest" name="test_getSimpleName_Class" time="0.001"/>
  <testcase classname="org.apache.commons.lang3.ClassUtilsTest" name="testWrappersToPrimitivesNull" time="0"/>
  <testcase classname="org.apache.commons.lang3.ClassUtilsTest" name="test_isInnerClass_Class" time="0"/>
  <testcase classname="org.apache.commons.lang3.ClassUtilsTest" name="test_isAssignable_ClassArray_ClassArray" time="0.001"/>
  <testcase classname="org.apache.commons.lang3.ClassUtilsTest" name="test_getSimpleName_Object" time="0"/>
  <testcase classname="org.apache.commons.lang3.ClassUtilsTest" name="test_isAssignable_Unboxing_Widening" time="0"/>
  <testcase classname="org.apache.commons.lang3.ClassUtilsTest" name="testWrappersToPrimitivesEmpty" time="0"/>
  <testcase classname="org.apache.commons.lang3.ClassUtilsTest" name="testWrapperToPrimitiveNoWrapper" time="0"/>
  <testcase classname="org.apache.commons.lang3.ClassUtilsTest" name="test_convertClassNamesToClasses_List" time="0"/>
  <testcase classname="org.apache.commons.lang3.ClassUtilsTest" name="test_isAssignable_Autoboxing" time="0"/>
  <testcase classname="org.apache.commons.lang3.ClassUtilsTest" name="test_convertClassesToClassNames_List" time="0"/>
  <testcase classname="org.apache.commons.lang3.ClassUtilsTest" name="testGetPublicMethod" time="0"/>
  <testcase classname="org.apache.commons.lang3.ClassUtilsTest" name="test_getAllInterfaces_Class" time="0"/>
  <testcase classname="org.apache.commons.lang3.ClassUtilsTest" name="testConstructor" time="0"/>
</testsuite>