<?xml version="1.0" encoding="UTF-8" ?>
<testsuite tests="49" failures="0" name="org.apache.commons.lang3.StringUtilsEqualsIndexOfTest" time="0.009" errors="0" skipped="0">
  <properties>
    <property name="java.runtime.name" value="OpenJDK Runtime Environment"/>
    <property name="java.vm.version" value="11.0.20+8-LTS"/>
    <property name="sun.boot.library.path" value="/Users/shanv/.sdkman/candidates/java/11.0.20-zulu/zulu-11.jdk/Contents/Home/lib"/>
    <property name="gopherProxySet" value="false"/>
    <property name="jdk.vendor.version" value="Zulu11.66+15-CA"/>
    <property name="maven.multiModuleProjectDirectory" value="/Users/shanv/Desktop/Github Repos/SOEN-345-Project/Lang/Lang_3b"/>
    <property name="java.vm.vendor" value="Azul Systems, Inc."/>
    <property name="java.vendor.url" value="http://www.azul.com/"/>
    <property name="guice.disable.misplaced.annotation.check" value="true"/>
    <property name="path.separator" value=":"/>
    <property name="java.vm.name" value="OpenJDK 64-Bit Server VM"/>
    <property name="sun.os.patch.level" value="unknown"/>
    <property name="user.country" value="CA"/>
    <property name="sun.java.launcher" value="SUN_STANDARD"/>
    <property name="java.vm.specification.name" value="Java Virtual Machine Specification"/>
    <property name="user.dir" value="/Users/shanv/Desktop/Github Repos/SOEN-345-Project/Lang/Lang_3b"/>
    <property name="java.vm.compressedOopsMode" value="Zero based"/>
    <property name="java.runtime.version" value="11.0.20+8-LTS"/>
    <property name="java.awt.graphicsenv" value="sun.awt.CGraphicsEnvironment"/>
    <property name="os.arch" value="aarch64"/>
    <property name="java.io.tmpdir" value="/var/folders/98/1z4vmp_9007d_k7p53bjpsk40000gn/T/"/>
    <property name="line.separator" value="
"/>
    <property name="java.vm.specification.vendor" value="Oracle Corporation"/>
    <property name="os.name" value="Mac OS X"/>
    <property name="classworlds.conf" value="/opt/homebrew/Cellar/maven/3.9.9/libexec/bin/m2.conf"/>
    <property name="sun.jnu.encoding" value="UTF-8"/>
    <property name="java.library.path" value="/Users/shanv/Library/Java/Extensions:/Library/Java/Extensions:/Network/Library/Java/Extensions:/System/Library/Java/Extensions:/usr/lib/java:."/>
    <property name="maven.conf" value="/opt/homebrew/Cellar/maven/3.9.9/libexec/conf"/>
    <property name="jdk.debug" value="release"/>
    <property name="java.class.version" value="55.0"/>
    <property name="java.specification.name" value="Java Platform API Specification"/>
    <property name="sun.management.compiler" value="HotSpot 64-Bit Tiered Compilers"/>
    <property name="os.version" value="13.2.1"/>
    <property name="library.jansi.path" value="/opt/homebrew/Cellar/maven/3.9.9/libexec/lib/jansi-native"/>
    <property name="http.nonProxyHosts" value="local|*.local|169.254/16|*.169.254/16"/>
    <property name="user.home" value="/Users/shanv"/>
    <property name="user.timezone" value="America/Toronto"/>
    <property name="java.awt.printerjob" value="sun.lwawt.macosx.CPrinterJob"/>
    <property name="file.encoding" value="UTF-8"/>
    <property name="java.specification.version" value="11"/>
    <property name="user.name" value="shanv"/>
    <property name="java.class.path" value="/opt/homebrew/Cellar/maven/3.9.9/libexec/boot/plexus-classworlds-2.8.0.jar"/>
    <property name="java.vm.specification.version" value="11"/>
    <property name="sun.arch.data.model" value="64"/>
    <property name="sun.java.command" value="org.codehaus.plexus.classworlds.launcher.Launcher clean install"/>
    <property name="java.home" value="/Users/shanv/.sdkman/candidates/java/11.0.20-zulu/zulu-11.jdk/Contents/Home"/>
    <property name="user.language" value="en"/>
    <property name="java.specification.vendor" value="Oracle Corporation"/>
    <property name="awt.toolkit" value="sun.lwawt.macosx.LWCToolkit"/>
    <property name="java.vm.info" value="mixed mode"/>
    <property name="java.version" value="11.0.20"/>
    <property name="java.vendor" value="Azul Systems, Inc."/>
    <property name="java.specification.maintenance.version" value="2"/>
    <property name="maven.home" value="/opt/homebrew/Cellar/maven/3.9.9/libexec"/>
    <property name="file.separator" value="/"/>
    <property name="java.version.date" value="2023-07-18"/>
    <property name="java.vendor.url.bug" value="http://www.azul.com/support/"/>
    <property name="sun.io.unicode.encoding" value="UnicodeBig"/>
    <property name="sun.cpu.endian" value="little"/>
    <property name="java.vendor.version" value="Zulu11.66+15-CA"/>
    <property name="socksNonProxyHosts" value="local|*.local|169.254/16|*.169.254/16"/>
    <property name="ftp.nonProxyHosts" value="local|*.local|169.254/16|*.169.254/16"/>
    <property name="sun.cpu.isalist" value=""/>
  </properties>
  <testcase classname="org.apache.commons.lang3.StringUtilsEqualsIndexOfTest" name="testLastIndexOfIgnoreCase_StringInt" time="0"/>
  <testcase classname="org.apache.commons.lang3.StringUtilsEqualsIndexOfTest" name="testContainsAny_StringCharArrayWithSupplementaryChars" time="0"/>
  <testcase classname="org.apache.commons.lang3.StringUtilsEqualsIndexOfTest" name="testContainsNone_CharArrayWithSupplementaryChars" time="0.001"/>
  <testcase classname="org.apache.commons.lang3.StringUtilsEqualsIndexOfTest" name="testContains_StringWithSupplementaryChars" time="0"/>
  <testcase classname="org.apache.commons.lang3.StringUtilsEqualsIndexOfTest" name="testContainsNone_StringWithSupplementaryChars" time="0"/>
  <testcase classname="org.apache.commons.lang3.StringUtilsEqualsIndexOfTest" name="testContainsOnly_String" time="0"/>
  <testcase classname="org.apache.commons.lang3.StringUtilsEqualsIndexOfTest" name="testLastIndexOf_String" time="0"/>
  <testcase classname="org.apache.commons.lang3.StringUtilsEqualsIndexOfTest" name="testContainsAny_StringCharArrayWithBadSupplementaryChars" time="0"/>
  <testcase classname="org.apache.commons.lang3.StringUtilsEqualsIndexOfTest" name="testOrdinalIndexOf" time="0"/>
  <testcase classname="org.apache.commons.lang3.StringUtilsEqualsIndexOfTest" name="testIndexOfAnyBut_StringStringWithSupplementaryChars" time="0"/>
  <testcase classname="org.apache.commons.lang3.StringUtilsEqualsIndexOfTest" name="testContains_String" time="0"/>
  <testcase classname="org.apache.commons.lang3.StringUtilsEqualsIndexOfTest" name="testEqualsIgnoreCase" time="0"/>
  <testcase classname="org.apache.commons.lang3.StringUtilsEqualsIndexOfTest" name="testContainsNone_CharArray" time="0.001"/>
  <testcase classname="org.apache.commons.lang3.StringUtilsEqualsIndexOfTest" name="testIndexOfIgnoreCase_StringInt" time="0"/>
  <testcase classname="org.apache.commons.lang3.StringUtilsEqualsIndexOfTest" name="testContainsAny_StringWithBadSupplementaryChars" time="0"/>
  <testcase classname="org.apache.commons.lang3.StringUtilsEqualsIndexOfTest" name="testEqualsOnStrings" time="0"/>
  <testcase classname="org.apache.commons.lang3.StringUtilsEqualsIndexOfTest" name="testLastOrdinalIndexOf" time="0"/>
  <testcase classname="org.apache.commons.lang3.StringUtilsEqualsIndexOfTest" name="testIndexOfAny_StringString" time="0.001"/>
  <testcase classname="org.apache.commons.lang3.StringUtilsEqualsIndexOfTest" name="testIndexOfIgnoreCase_String" time="0"/>
  <testcase classname="org.apache.commons.lang3.StringUtilsEqualsIndexOfTest" name="testContainsIgnoreCase_StringString" time="0"/>
  <testcase classname="org.apache.commons.lang3.StringUtilsEqualsIndexOfTest" name="testIndexOfAnyBut_StringString" time="0"/>
  <testcase classname="org.apache.commons.lang3.StringUtilsEqualsIndexOfTest" name="testContains_Char" time="0"/>
  <testcase classname="org.apache.commons.lang3.StringUtilsEqualsIndexOfTest" name="testIndexOf_char" time="0"/>
  <testcase classname="org.apache.commons.lang3.StringUtilsEqualsIndexOfTest" name="testIndexOfAny_StringCharArrayWithSupplementaryChars" time="0"/>
  <testcase classname="org.apache.commons.lang3.StringUtilsEqualsIndexOfTest" name="testIndexOf_charInt" time="0"/>
  <testcase classname="org.apache.commons.lang3.StringUtilsEqualsIndexOfTest" name="testContainsNone_String" time="0"/>
  <testcase classname="org.apache.commons.lang3.StringUtilsEqualsIndexOfTest" name="testContainsIgnoreCase_LocaleIndependence" time="0"/>
  <testcase classname="org.apache.commons.lang3.StringUtilsEqualsIndexOfTest" name="testContainsAny_StringString" time="0"/>
  <testcase classname="org.apache.commons.lang3.StringUtilsEqualsIndexOfTest" name="testIndexOfAnyBut_StringCharArrayWithSupplementaryChars" time="0"/>
  <testcase classname="org.apache.commons.lang3.StringUtilsEqualsIndexOfTest" name="testLastIndexOf_charInt" time="0"/>
  <testcase classname="org.apache.commons.lang3.StringUtilsEqualsIndexOfTest" name="testContainsNone_StringWithBadSupplementaryChars" time="0"/>
  <testcase classname="org.apache.commons.lang3.StringUtilsEqualsIndexOfTest" name="testIndexOfAnyBut_StringCharArray" time="0"/>
  <testcase classname="org.apache.commons.lang3.StringUtilsEqualsIndexOfTest" name="testContainsAny_StringWithSupplementaryChars" time="0"/>
  <testcase classname="org.apache.commons.lang3.StringUtilsEqualsIndexOfTest" name="testIndexOf_StringInt" time="0"/>
  <testcase classname="org.apache.commons.lang3.StringUtilsEqualsIndexOfTest" name="testLastIndexOf_StringInt" time="0"/>
  <testcase classname="org.apache.commons.lang3.StringUtilsEqualsIndexOfTest" name="testIndexOfAny_StringStringArray" time="0.001"/>
  <testcase classname="org.apache.commons.lang3.StringUtilsEqualsIndexOfTest" name="testEquals" time="0.002"/>
  <testcase classname="org.apache.commons.lang3.StringUtilsEqualsIndexOfTest" name="testLastIndexOf_char" time="0"/>
  <testcase classname="org.apache.commons.lang3.StringUtilsEqualsIndexOfTest" name="testContainsOnly_CharArray" time="0"/>
  <testcase classname="org.apache.commons.lang3.StringUtilsEqualsIndexOfTest" name="testContainsWhitespace" time="0"/>
  <testcase classname="org.apache.commons.lang3.StringUtilsEqualsIndexOfTest" name="testIndexOfAny_StringStringWithSupplementaryChars" time="0"/>
  <testcase classname="org.apache.commons.lang3.StringUtilsEqualsIndexOfTest" name="testLastIndexOfAny_StringStringArray" time="0"/>
  <testcase classname="org.apache.commons.lang3.StringUtilsEqualsIndexOfTest" name="testContainsAny_StringCharArray" time="0"/>
  <testcase classname="org.apache.commons.lang3.StringUtilsEqualsIndexOfTest" name="testLastIndexOfIgnoreCase_String" time="0"/>
  <testcase classname="org.apache.commons.lang3.StringUtilsEqualsIndexOfTest" name="testCustomCharSequence" time="0.002"/>
  <testcase classname="org.apache.commons.lang3.StringUtilsEqualsIndexOfTest" name="testIndexOf_String" time="0"/>
  <testcase classname="org.apache.commons.lang3.StringUtilsEqualsIndexOfTest" name="testContainsNone_CharArrayWithBadSupplementaryChars" time="0"/>
  <testcase classname="org.apache.commons.lang3.StringUtilsEqualsIndexOfTest" name="testIndexOfAny_StringCharArray" time="0"/>
  <testcase classname="org.apache.commons.lang3.StringUtilsEqualsIndexOfTest" name="testContains_StringWithBadSupplementaryChars" time="0.001"/>
</testsuite>